<?xml version="1.0" encoding="UTF-8"?>
<testsuites name="Demo Juli 2022" time="492.85" tests="7" failures="1" errors="1">
   <testsuite name="Demo Juli 2022" tests="7" failures="1" errors="1" time="492.85" skipped="0" timestamp="2022-07-06 11:14:16" hostname="Shelly - LAPTOP-E00FH6K0.mshome.net" id="Test Suites/Demo Juli 2022">
      <properties>
         <property name="deviceName" value=""/>
         <property name="devicePlatform" value=""/>
         <property name="logFolder" value="C:\\Users\\Shelly\\git\\test_ui\\test_ui\\Reports\\20220706_111408\\Demo Juli 2022\\20220706_111408"/>
         <property name="logFiles" value="C:\\Users\\Shelly\\git\\test_ui\\test_ui\\Reports\\20220706_111408\\Demo Juli 2022\\20220706_111408\\execution0.log"/>
         <property name="attachments" value=""/>
         <property name="hostName" value="Shelly - LAPTOP-E00FH6K0.mshome.net"/>
         <property name="os" value="Windows 10 64bit"/>
         <property name="katalonVersion" value="8.3.5.208"/>
         <property name="browser" value="Chrome 103.0.5060.66"/>
         <property name="hostAddress" value="172.24.16.1"/>
         <property name="sessionId" value="02151648915cc22998444b464a9cb589"/>
         <property name="seleniumVersion" value="3.141.59"/>
         <property name="proxyInformation" value="ProxyInformation { proxyOption=NO_PROXY, proxyServerType=HTTP, username=, password=********, proxyServerAddress=, proxyServerPort=0, executionList=&quot;&quot;, isApplyToDesiredCapabilities=true }"/>
         <property name="platform" value="Windows 10"/>
      </properties>
      <testcase name="Test Cases/SKT ERP/Sales/2 - 1A_Create Sales Order with 11prcnt PPN (Box Partisi1 Partisi2)" time="41.59" classname="Test Cases/SKT ERP/Sales/2 - 1A_Create Sales Order with 11prcnt PPN (Box Partisi1 Partisi2)" status="PASSED">
         <system-out><![CDATA[2022-07-06 11:14:16 - [TEST_CASE][PASSED] - Test Cases/SKT ERP/Sales/2 - 1A_Create Sales Order with 11prcnt PPN (Box Partisi1 Partisi2): Test Cases/SKT ERP/Sales/2 - 1A_Create Sales Order with 11prcnt PPN (Box Partisi1 Partisi2)

2022-07-06 11:14:17 - [TEST_STEP][PASSED] - openBrowser(""): Browser is opened with url: ''

2022-07-06 11:14:17 - [MESSAGE][INFO] - Starting 'Chrome' driver

2022-07-06 11:14:17 - [MESSAGE][INFO] - Action delay is set to 0 milliseconds

2022-07-06 11:14:20 - [MESSAGE][PASSED] - Browser is opened with url: ''

2022-07-06 11:14:20 - [TEST_STEP][PASSED] - navigateToUrl("http://localhost:3001/login"): Navigate to 'http://localhost:3001/login' successfully

2022-07-06 11:14:21 - [MESSAGE][PASSED] - Navigate to 'http://localhost:3001/login' successfully

2022-07-06 11:14:21 - [TEST_STEP][PASSED] - setText(findTestObject("Object Repository/Page_SKT ERP  ERP/Login/input_login_username"), "devshelly"): Text 'devshelly' is set on object 'Object Repository/Page_SKT ERP  ERP/Login/input_login_username'

2022-07-06 11:14:22 - [MESSAGE][PASSED] - Text 'devshelly' is set on object 'Object Repository/Page_SKT ERP  ERP/Login/input_login_username'

2022-07-06 11:14:22 - [TEST_STEP][PASSED] - setEncryptedText(findTestObject("Object Repository/Page_SKT ERP  ERP/Login/input_login_password"), "bD8Rq1FIAurX2vfab/lFTQ=="): Text ****** has been set on object 'Object Repository/Page_SKT ERP  ERP/Login/input_login_password'

2022-07-06 11:14:23 - [MESSAGE][PASSED] - Text ****** has been set on object 'Object Repository/Page_SKT ERP  ERP/Login/input_login_password'

2022-07-06 11:14:23 - [TEST_STEP][PASSED] - maximizeWindow(): Current window maximized

2022-07-06 11:14:23 - [MESSAGE][PASSED] - Current window maximized

2022-07-06 11:14:23 - [TEST_STEP][PASSED] - click(findTestObject("Object Repository/Page_SKT ERP  ERP/Login/button_login")): Object: 'Object Repository/Page_SKT ERP  ERP/Login/button_login' is clicked on

2022-07-06 11:14:23 - [MESSAGE][PASSED] - Object: 'Object Repository/Page_SKT ERP  ERP/Login/button_login' is clicked on

2022-07-06 11:14:23 - [TEST_STEP][PASSED] - click(findTestObject("Object Repository/Page_SKT ERP  ERP/Tab Sales/Tab Sales")): Object: 'Object Repository/Page_SKT ERP  ERP/Tab Sales/Tab Sales' is clicked on

2022-07-06 11:14:25 - [MESSAGE][PASSED] - Object: 'Object Repository/Page_SKT ERP  ERP/Tab Sales/Tab Sales' is clicked on

2022-07-06 11:14:25 - [TEST_STEP][PASSED] - click(findTestObject("Object Repository/Page_SKT ERP  ERP/Tab Sales/Sales Order/Tab Sales Order")): Object: 'Object Repository/Page_SKT ERP  ERP/Tab Sales/Sales Order/Tab Sales Order' is clicked on

2022-07-06 11:14:26 - [MESSAGE][PASSED] - Object: 'Object Repository/Page_SKT ERP  ERP/Tab Sales/Sales Order/Tab Sales Order' is clicked on

2022-07-06 11:14:26 - [TEST_STEP][PASSED] - click(findTestObject("Object Repository/Page_SKT ERP  ERP/Tab Sales/Sales Order/Add New Sales Order")): Object: 'Object Repository/Page_SKT ERP  ERP/Tab Sales/Sales Order/Add New Sales Order' is clicked on

2022-07-06 11:14:29 - [MESSAGE][PASSED] - Object: 'Object Repository/Page_SKT ERP  ERP/Tab Sales/Sales Order/Add New Sales Order' is clicked on

2022-07-06 11:14:29 - [TEST_STEP][PASSED] - no_Sales_order_box_partisi = "git4box4prts": null

2022-07-06 11:14:29 - [TEST_STEP][PASSED] - noSalesOrderBoxPartisi = no_Sales_order_box_partisi: null

2022-07-06 11:14:29 - [TEST_STEP][PASSED] - qty = "100": null

2022-07-06 11:14:29 - [TEST_STEP][PASSED] - qtySalesOrderBoxPartisi = qty: null

2022-07-06 11:14:29 - [TEST_STEP][PASSED] - price = "9880": null

2022-07-06 11:14:29 - [TEST_STEP][PASSED] - price2 = "9800": null

2022-07-06 11:14:29 - [TEST_STEP][PASSED] - setText(findTestObject("Page_SKT ERP  ERP/Tab Sales/Sales Order/Input No Sales Order"), no_Sales_order_box_partisi): Text 'git4box4prts' is set on object 'Object Repository/Page_SKT ERP  ERP/Tab Sales/Sales Order/Input No Sales Order'

2022-07-06 11:14:30 - [MESSAGE][PASSED] - Text 'git4box4prts' is set on object 'Object Repository/Page_SKT ERP  ERP/Tab Sales/Sales Order/Input No Sales Order'

2022-07-06 11:14:30 - [TEST_STEP][PASSED] - setText(findTestObject("Object Repository/Page_SKT ERP  ERP/Tab Sales/Sales Order/Input Sales Person"), "sujadi"): Text 'sujadi' is set on object 'Object Repository/Page_SKT ERP  ERP/Tab Sales/Sales Order/Input Sales Person'

2022-07-06 11:14:31 - [MESSAGE][PASSED] - Text 'sujadi' is set on object 'Object Repository/Page_SKT ERP  ERP/Tab Sales/Sales Order/Input Sales Person'

2022-07-06 11:14:31 - [TEST_STEP][PASSED] - delay(3): Delayed 3 second(s)

2022-07-06 11:14:34 - [MESSAGE][PASSED] - Delayed 3 second(s)

2022-07-06 11:14:34 - [TEST_STEP][PASSED] - click(findTestObject("Page_SKT ERP  ERP/Constant/Sales/303 - Sujadi")): Object: 'Object Repository/Page_SKT ERP  ERP/Constant/Sales/303 - Sujadi' is clicked on

2022-07-06 11:14:35 - [MESSAGE][PASSED] - Object: 'Object Repository/Page_SKT ERP  ERP/Constant/Sales/303 - Sujadi' is clicked on

2022-07-06 11:14:35 - [TEST_STEP][PASSED] - click(findTestObject("Page_SKT ERP  ERP/Tab Sales/Sales Order/Customer Field")): Object: 'Object Repository/Page_SKT ERP  ERP/Tab Sales/Sales Order/Customer Field' is clicked on

2022-07-06 11:14:35 - [MESSAGE][PASSED] - Object: 'Object Repository/Page_SKT ERP  ERP/Tab Sales/Sales Order/Customer Field' is clicked on

2022-07-06 11:14:35 - [TEST_STEP][PASSED] - setText(findTestObject("Page_SKT ERP  ERP/Tab Sales/Sales Order/Input Customer"), "jayamas"): Text 'jayamas' is set on object 'Object Repository/Page_SKT ERP  ERP/Tab Sales/Sales Order/Input Customer'

2022-07-06 11:14:36 - [MESSAGE][PASSED] - Text 'jayamas' is set on object 'Object Repository/Page_SKT ERP  ERP/Tab Sales/Sales Order/Input Customer'

2022-07-06 11:14:36 - [TEST_STEP][PASSED] - delay(3): Delayed 3 second(s)

2022-07-06 11:14:39 - [MESSAGE][PASSED] - Delayed 3 second(s)

2022-07-06 11:14:39 - [TEST_STEP][PASSED] - click(findTestObject("Page_SKT ERP  ERP/Constant/Customer/PT Jayamas Medica Industri")): Object: 'Object Repository/Page_SKT ERP  ERP/Constant/Customer/PT Jayamas Medica Industri' is clicked on

2022-07-06 11:14:40 - [MESSAGE][PASSED] - Object: 'Object Repository/Page_SKT ERP  ERP/Constant/Customer/PT Jayamas Medica Industri' is clicked on

2022-07-06 11:14:40 - [TEST_STEP][PASSED] - scrollToElement(findTestObject("Page_SKT ERP  ERP/Tab Sales/Sales Order/Billing Address Field"), 30): Scroll to object 'Object Repository/Page_SKT ERP  ERP/Tab Sales/Sales Order/Billing Address Field' successfully

2022-07-06 11:14:40 - [MESSAGE][PASSED] - Scroll to object 'Object Repository/Page_SKT ERP  ERP/Tab Sales/Sales Order/Billing Address Field' successfully

2022-07-06 11:14:40 - [TEST_STEP][PASSED] - click(findTestObject("Page_SKT ERP  ERP/Tab Sales/Sales Order/Billing Address Field")): Object: 'Object Repository/Page_SKT ERP  ERP/Tab Sales/Sales Order/Billing Address Field' is clicked on

2022-07-06 11:14:41 - [MESSAGE][PASSED] - Object: 'Object Repository/Page_SKT ERP  ERP/Tab Sales/Sales Order/Billing Address Field' is clicked on

2022-07-06 11:14:41 - [TEST_STEP][PASSED] - click(findTestObject("Page_SKT ERP  ERP/Constant/Address/Billing Address PT Jayamas Media Industri")): Object: 'Object Repository/Page_SKT ERP  ERP/Constant/Address/Billing Address PT Jayamas Media Industri' is clicked on

2022-07-06 11:14:41 - [MESSAGE][PASSED] - Object: 'Object Repository/Page_SKT ERP  ERP/Constant/Address/Billing Address PT Jayamas Media Industri' is clicked on

2022-07-06 11:14:41 - [TEST_STEP][PASSED] - click(findTestObject("Page_SKT ERP  ERP/Tab Sales/Sales Order/Shipping Address Field")): Object: 'Object Repository/Page_SKT ERP  ERP/Tab Sales/Sales Order/Shipping Address Field' is clicked on

2022-07-06 11:14:42 - [MESSAGE][PASSED] - Object: 'Object Repository/Page_SKT ERP  ERP/Tab Sales/Sales Order/Shipping Address Field' is clicked on

2022-07-06 11:14:42 - [TEST_STEP][PASSED] - click(findTestObject("Page_SKT ERP  ERP/Constant/Address/Shipping Address PT Jayamas Medica Industri")): Object: 'Object Repository/Page_SKT ERP  ERP/Constant/Address/Shipping Address PT Jayamas Medica Industri' is clicked on

2022-07-06 11:14:43 - [MESSAGE][PASSED] - Object: 'Object Repository/Page_SKT ERP  ERP/Constant/Address/Shipping Address PT Jayamas Medica Industri' is clicked on

2022-07-06 11:14:43 - [TEST_STEP][PASSED] - click(findTestObject("Page_SKT ERP  ERP/Tab Sales/Sales Order/i_tambah item")): Object: 'Object Repository/Page_SKT ERP  ERP/Tab Sales/Sales Order/i_tambah item' is clicked on

2022-07-06 11:14:43 - [MESSAGE][PASSED] - Object: 'Object Repository/Page_SKT ERP  ERP/Tab Sales/Sales Order/i_tambah item' is clicked on

2022-07-06 11:14:43 - [TEST_STEP][PASSED] - click(findTestObject("Page_SKT ERP  ERP/Tab Sales/Sales Order/Type Field")): Object: 'Object Repository/Page_SKT ERP  ERP/Tab Sales/Sales Order/Type Field' is clicked on

2022-07-06 11:14:44 - [MESSAGE][PASSED] - Object: 'Object Repository/Page_SKT ERP  ERP/Tab Sales/Sales Order/Type Field' is clicked on

2022-07-06 11:14:44 - [TEST_STEP][PASSED] - click(findTestObject("Object Repository/Page_SKT ERP  ERP/Tab Sales/Sales Order/Tipe Box")): Object: 'Object Repository/Page_SKT ERP  ERP/Tab Sales/Sales Order/Tipe Box' is clicked on

2022-07-06 11:14:45 - [MESSAGE][PASSED] - Object: 'Object Repository/Page_SKT ERP  ERP/Tab Sales/Sales Order/Tipe Box' is clicked on

2022-07-06 11:14:45 - [TEST_STEP][PASSED] - click(findTestObject("Page_SKT ERP  ERP/Tab Sales/Sales Order/MasterCard Field")): Object: 'Object Repository/Page_SKT ERP  ERP/Tab Sales/Sales Order/MasterCard Field' is clicked on

2022-07-06 11:14:45 - [MESSAGE][PASSED] - Object: 'Object Repository/Page_SKT ERP  ERP/Tab Sales/Sales Order/MasterCard Field' is clicked on

2022-07-06 11:14:45 - [TEST_STEP][PASSED] - click(findTestObject("Page_SKT ERP  ERP/Constant/Mastercard/PT Jayamas Medica Industri (1402 - 001076 - BOX USG 250cc (K0173) - WK150 M125)")): Object: 'Object Repository/Page_SKT ERP  ERP/Constant/Mastercard/PT Jayamas Medica Industri (1402 - 001076 - BOX USG 250cc (K0173) - WK150 M125)' is clicked on

2022-07-06 11:14:46 - [MESSAGE][PASSED] - Object: 'Object Repository/Page_SKT ERP  ERP/Constant/Mastercard/PT Jayamas Medica Industri (1402 - 001076 - BOX USG 250cc (K0173) - WK150 M125)' is clicked on

2022-07-06 11:14:46 - [TEST_STEP][PASSED] - setText(findTestObject("Object Repository/Page_SKT ERP  ERP/Tab Sales/Sales Order/Input Quantity"), qty): Text '100' is set on object 'Object Repository/Page_SKT ERP  ERP/Tab Sales/Sales Order/Input Quantity'

2022-07-06 11:14:47 - [MESSAGE][PASSED] - Text '100' is set on object 'Object Repository/Page_SKT ERP  ERP/Tab Sales/Sales Order/Input Quantity'

2022-07-06 11:14:47 - [TEST_STEP][PASSED] - click(findTestObject("Page_SKT ERP  ERP/Tab Sales/Sales Order/Unit Field")): Object: 'Object Repository/Page_SKT ERP  ERP/Tab Sales/Sales Order/Unit Field' is clicked on

2022-07-06 11:14:48 - [MESSAGE][PASSED] - Object: 'Object Repository/Page_SKT ERP  ERP/Tab Sales/Sales Order/Unit Field' is clicked on

2022-07-06 11:14:48 - [TEST_STEP][PASSED] - click(findTestObject("Object Repository/Page_SKT ERP  ERP/Tab Sales/Sales Order/Unit Pcs")): Object: 'Object Repository/Page_SKT ERP  ERP/Tab Sales/Sales Order/Unit Pcs' is clicked on

2022-07-06 11:14:49 - [MESSAGE][PASSED] - Object: 'Object Repository/Page_SKT ERP  ERP/Tab Sales/Sales Order/Unit Pcs' is clicked on

2022-07-06 11:14:49 - [TEST_STEP][PASSED] - setText(findTestObject("Object Repository/Page_SKT ERP  ERP/Tab Sales/Sales Order/Input Harga"), price): Text '9880' is set on object 'Object Repository/Page_SKT ERP  ERP/Tab Sales/Sales Order/Input Harga'

2022-07-06 11:14:50 - [MESSAGE][PASSED] - Text '9880' is set on object 'Object Repository/Page_SKT ERP  ERP/Tab Sales/Sales Order/Input Harga'

2022-07-06 11:14:50 - [TEST_STEP][PASSED] - click(findTestObject("Object Repository/Page_SKT ERP  ERP/Tab Sales/Sales Order/Input Tanggal Kirim")): Object: 'Object Repository/Page_SKT ERP  ERP/Tab Sales/Sales Order/Input Tanggal Kirim' is clicked on

2022-07-06 11:14:50 - [MESSAGE][PASSED] - Object: 'Object Repository/Page_SKT ERP  ERP/Tab Sales/Sales Order/Input Tanggal Kirim' is clicked on

2022-07-06 11:14:50 - [TEST_STEP][PASSED] - click(findTestObject("Object Repository/Page_SKT ERP  ERP/Tab Sales/Sales Order/Tanggal 30")): Object: 'Object Repository/Page_SKT ERP  ERP/Tab Sales/Sales Order/Tanggal 30' is clicked on

2022-07-06 11:14:51 - [MESSAGE][PASSED] - Object: 'Object Repository/Page_SKT ERP  ERP/Tab Sales/Sales Order/Tanggal 30' is clicked on

2022-07-06 11:14:51 - [TEST_STEP][PASSED] - click(findTestObject("Object Repository/Page_SKT ERP  ERP/Tab Sales/Sales Order/Save Sales Order Line")): Object: 'Object Repository/Page_SKT ERP  ERP/Tab Sales/Sales Order/Save Sales Order Line' is clicked on

2022-07-06 11:14:52 - [MESSAGE][PASSED] - Object: 'Object Repository/Page_SKT ERP  ERP/Tab Sales/Sales Order/Save Sales Order Line' is clicked on

2022-07-06 11:14:52 - [TEST_STEP][PASSED] - click(findTestObject("Page_SKT ERP  ERP/Tab Sales/Sales Order/Edit Sales Order Line 2")): Object: 'Object Repository/Page_SKT ERP  ERP/Tab Sales/Sales Order/Edit Sales Order Line 2' is clicked on

2022-07-06 11:14:53 - [MESSAGE][PASSED] - Object: 'Object Repository/Page_SKT ERP  ERP/Tab Sales/Sales Order/Edit Sales Order Line 2' is clicked on

2022-07-06 11:14:53 - [TEST_STEP][PASSED] - setText(findTestObject("Object Repository/Page_SKT ERP  ERP/Tab Sales/Sales Order/Input Harga"), price2): Text '9800' is set on object 'Object Repository/Page_SKT ERP  ERP/Tab Sales/Sales Order/Input Harga'

2022-07-06 11:14:55 - [MESSAGE][PASSED] - Text '9800' is set on object 'Object Repository/Page_SKT ERP  ERP/Tab Sales/Sales Order/Input Harga'

2022-07-06 11:14:55 - [TEST_STEP][PASSED] - click(findTestObject("Object Repository/Page_SKT ERP  ERP/Tab Sales/Sales Order/Save Sales Order Line")): Object: 'Object Repository/Page_SKT ERP  ERP/Tab Sales/Sales Order/Save Sales Order Line' is clicked on

2022-07-06 11:14:55 - [MESSAGE][PASSED] - Object: 'Object Repository/Page_SKT ERP  ERP/Tab Sales/Sales Order/Save Sales Order Line' is clicked on

2022-07-06 11:14:55 - [TEST_STEP][PASSED] - subtotal = getAttribute(findTestObject("Page_SKT ERP  ERP/Tab Sales/Sales Order/Subtotal Values"), "value"): Attribute 'value' of object 'Object Repository/Page_SKT ERP  ERP/Tab Sales/Sales Order/Subtotal Values' is: '1968000'

2022-07-06 11:14:56 - [MESSAGE][PASSED] - Attribute 'value' of object 'Object Repository/Page_SKT ERP  ERP/Tab Sales/Sales Order/Subtotal Values' is: '1968000'

2022-07-06 11:14:56 - [TEST_STEP][PASSED] - comment("actual subtotal = " + subtotal): actual subtotal = 1968000

2022-07-06 11:14:56 - [MESSAGE][INFO] - actual subtotal = 1968000

2022-07-06 11:14:56 - [TEST_STEP][PASSED] - quantity = Integer.parseInt(qty): null

2022-07-06 11:14:56 - [TEST_STEP][PASSED] - harga = Integer.parseInt(price): null

2022-07-06 11:14:56 - [TEST_STEP][PASSED] - harga2 = Integer.parseInt(price2): null

2022-07-06 11:14:56 - [TEST_STEP][PASSED] - expected_subtotal = quantity * harga + quantity * harga2: null

2022-07-06 11:14:56 - [TEST_STEP][PASSED] - expectedSubtotal = expected_subtotal: null

2022-07-06 11:14:56 - [TEST_STEP][PASSED] - comment("expected subtotal = " + expectedSubtotal): expected subtotal = 1968000

2022-07-06 11:14:56 - [MESSAGE][INFO] - expected subtotal = 1968000

2022-07-06 11:14:56 - [TEST_STEP][PASSED] - verifyMatch(subtotal, expectedSubtotal, false): Actual text '1968000' and expected text '1968000' are matched 

2022-07-06 11:14:56 - [MESSAGE][PASSED] - Actual text '1968000' and expected text '1968000' are matched 

2022-07-06 11:14:56 - [TEST_STEP][PASSED] - ppn = getAttribute(findTestObject("Page_SKT ERP  ERP/Tab Sales/Sales Order/PPN Values"), "value"): Attribute 'value' of object 'Object Repository/Page_SKT ERP  ERP/Tab Sales/Sales Order/PPN Values' is: '216480'

2022-07-06 11:14:56 - [MESSAGE][PASSED] - Attribute 'value' of object 'Object Repository/Page_SKT ERP  ERP/Tab Sales/Sales Order/PPN Values' is: '216480'

2022-07-06 11:14:56 - [TEST_STEP][PASSED] - comment("actual ppn = " + ppn): actual ppn = 216480

2022-07-06 11:14:56 - [MESSAGE][INFO] - actual ppn = 216480

2022-07-06 11:14:56 - [TEST_STEP][PASSED] - expected_ppn = expected_subtotal * 11 / 100: null

2022-07-06 11:14:56 - [TEST_STEP][PASSED] - expectedPpn = expected_ppn: null

2022-07-06 11:14:56 - [TEST_STEP][PASSED] - comment("expected ppn = " + expectedPpn): expected ppn = 216480

2022-07-06 11:14:56 - [MESSAGE][INFO] - expected ppn = 216480

2022-07-06 11:14:56 - [TEST_STEP][PASSED] - verifyMatch(ppn, expectedPpn, false): Actual text '216480' and expected text '216480' are matched 

2022-07-06 11:14:56 - [MESSAGE][PASSED] - Actual text '216480' and expected text '216480' are matched 

2022-07-06 11:14:56 - [TEST_STEP][PASSED] - JumlahTotal = getText(findTestObject("Page_SKT ERP  ERP/Tab Sales/Sales Order/Jumlah Total Values")).replace(".", ""): Text of object 'Object Repository/Page_SKT ERP  ERP/Tab Sales/Sales Order/Jumlah Total Values' is: 'Jumlah Total : 2.184.480'

2022-07-06 11:14:57 - [MESSAGE][PASSED] - Text of object 'Object Repository/Page_SKT ERP  ERP/Tab Sales/Sales Order/Jumlah Total Values' is: 'Jumlah Total : 2.184.480'

2022-07-06 11:14:57 - [TEST_STEP][PASSED] - jumlah = JumlahTotal.substring(15): null

2022-07-06 11:14:57 - [TEST_STEP][PASSED] - comment("actual jumlah total = " + jumlah): actual jumlah total = 2184480

2022-07-06 11:14:57 - [MESSAGE][INFO] - actual jumlah total = 2184480

2022-07-06 11:14:57 - [TEST_STEP][PASSED] - expected_jumlah = expected_subtotal + expected_ppn: null

2022-07-06 11:14:57 - [TEST_STEP][PASSED] - expectedJumlah = expected_jumlah: null

2022-07-06 11:14:57 - [TEST_STEP][PASSED] - comment("expected jumlah total = " + expectedJumlah): expected jumlah total = 2184480

2022-07-06 11:14:57 - [MESSAGE][INFO] - expected jumlah total = 2184480

2022-07-06 11:14:57 - [TEST_STEP][PASSED] - verifyMatch(jumlah, expectedJumlah, false): Actual text '2184480' and expected text '2184480' are matched 

2022-07-06 11:14:57 - [MESSAGE][PASSED] - Actual text '2184480' and expected text '2184480' are matched 

2022-07-06 11:14:57 - [TEST_STEP][PASSED] - click(findTestObject("Page_SKT ERP  ERP/Tab Sales/Sales Order/Save Sales Order")): Object: 'Object Repository/Page_SKT ERP  ERP/Tab Sales/Sales Order/Save Sales Order' is clicked on

2022-07-06 11:14:57 - [MESSAGE][PASSED] - Object: 'Object Repository/Page_SKT ERP  ERP/Tab Sales/Sales Order/Save Sales Order' is clicked on

2022-07-06 11:14:57 - [TEST_STEP][PASSED] - closeBrowser(): Browser is closed

2022-07-06 11:14:58 - [MESSAGE][PASSED] - Browser is closed]]></system-out>
         <system-err><![CDATA[]]></system-err>
      </testcase>
      <testcase name="Test Cases/SKT ERP/Release Sales Order/2 - Release Sales Order Box Partisi (1A)" time="69.137" classname="Test Cases/SKT ERP/Release Sales Order/2 - Release Sales Order Box Partisi (1A)" status="PASSED">
         <system-out><![CDATA[2022-07-06 11:14:58 - [TEST_CASE][PASSED] - Test Cases/SKT ERP/Release Sales Order/2 - Release Sales Order Box Partisi (1A): Test Cases/SKT ERP/Release Sales Order/2 - Release Sales Order Box Partisi (1A)

2022-07-06 11:14:58 - [TEST_STEP][PASSED] - openBrowser(""): Browser is opened with url: ''

2022-07-06 11:14:58 - [MESSAGE][INFO] - Starting 'Chrome' driver

2022-07-06 11:14:58 - [MESSAGE][INFO] - Action delay is set to 0 milliseconds

2022-07-06 11:15:00 - [MESSAGE][PASSED] - Browser is opened with url: ''

2022-07-06 11:15:00 - [TEST_STEP][PASSED] - navigateToUrl("http://localhost:3001/login"): Navigate to 'http://localhost:3001/login' successfully

2022-07-06 11:15:01 - [MESSAGE][PASSED] - Navigate to 'http://localhost:3001/login' successfully

2022-07-06 11:15:01 - [TEST_STEP][PASSED] - setText(findTestObject("Object Repository/Page_SKT ERP  ERP/Login/input_login_username"), "devshelly"): Text 'devshelly' is set on object 'Object Repository/Page_SKT ERP  ERP/Login/input_login_username'

2022-07-06 11:15:02 - [MESSAGE][PASSED] - Text 'devshelly' is set on object 'Object Repository/Page_SKT ERP  ERP/Login/input_login_username'

2022-07-06 11:15:02 - [TEST_STEP][PASSED] - setEncryptedText(findTestObject("Object Repository/Page_SKT ERP  ERP/Login/input_login_password"), "bD8Rq1FIAurX2vfab/lFTQ=="): Text ****** has been set on object 'Object Repository/Page_SKT ERP  ERP/Login/input_login_password'

2022-07-06 11:15:03 - [MESSAGE][PASSED] - Text ****** has been set on object 'Object Repository/Page_SKT ERP  ERP/Login/input_login_password'

2022-07-06 11:15:03 - [TEST_STEP][PASSED] - maximizeWindow(): Current window maximized

2022-07-06 11:15:03 - [MESSAGE][PASSED] - Current window maximized

2022-07-06 11:15:03 - [TEST_STEP][PASSED] - click(findTestObject("Object Repository/Page_SKT ERP  ERP/Login/button_login")): Object: 'Object Repository/Page_SKT ERP  ERP/Login/button_login' is clicked on

2022-07-06 11:15:03 - [MESSAGE][PASSED] - Object: 'Object Repository/Page_SKT ERP  ERP/Login/button_login' is clicked on

2022-07-06 11:15:03 - [TEST_STEP][PASSED] - click(findTestObject("Object Repository/Page_SKT ERP  ERP/Tab Sales/Tab Sales")): Object: 'Object Repository/Page_SKT ERP  ERP/Tab Sales/Tab Sales' is clicked on

2022-07-06 11:15:05 - [MESSAGE][PASSED] - Object: 'Object Repository/Page_SKT ERP  ERP/Tab Sales/Tab Sales' is clicked on

2022-07-06 11:15:05 - [TEST_STEP][PASSED] - click(findTestObject("Page_SKT ERP  ERP/Tab Sales/Release Sales Order/Tab Release Sales Order")): Object: 'Object Repository/Page_SKT ERP  ERP/Tab Sales/Release Sales Order/Tab Release Sales Order' is clicked on

2022-07-06 11:15:06 - [MESSAGE][PASSED] - Object: 'Object Repository/Page_SKT ERP  ERP/Tab Sales/Release Sales Order/Tab Release Sales Order' is clicked on

2022-07-06 11:15:06 - [TEST_STEP][PASSED] - click(findTestObject("Page_SKT ERP  ERP/Tab Sales/Release Sales Order/Button Filters")): Object: 'Object Repository/Page_SKT ERP  ERP/Tab Sales/Release Sales Order/Button Filters' is clicked on

2022-07-06 11:15:25 - [MESSAGE][PASSED] - Object: 'Object Repository/Page_SKT ERP  ERP/Tab Sales/Release Sales Order/Button Filters' is clicked on

2022-07-06 11:15:25 - [TEST_STEP][PASSED] - click(findTestObject("Page_SKT ERP  ERP/Tab Sales/Release Sales Order/Filters by No SO")): Object: 'Object Repository/Page_SKT ERP  ERP/Tab Sales/Release Sales Order/Filters by No SO' is clicked on

2022-07-06 11:15:26 - [MESSAGE][PASSED] - Object: 'Object Repository/Page_SKT ERP  ERP/Tab Sales/Release Sales Order/Filters by No SO' is clicked on

2022-07-06 11:15:26 - [TEST_STEP][PASSED] - noSalesOrder = noSalesOrderBoxPartisi: null

2022-07-06 11:15:26 - [TEST_STEP][PASSED] - setText(findTestObject("Page_SKT ERP  ERP/Tab Sales/Release Sales Order/Filters by No SO"), noSalesOrder): Text 'git4box4prts' is set on object 'Object Repository/Page_SKT ERP  ERP/Tab Sales/Release Sales Order/Filters by No SO'

2022-07-06 11:15:27 - [MESSAGE][PASSED] - Text 'git4box4prts' is set on object 'Object Repository/Page_SKT ERP  ERP/Tab Sales/Release Sales Order/Filters by No SO'

2022-07-06 11:15:27 - [TEST_STEP][PASSED] - click(findTestObject("Page_SKT ERP  ERP/Tab Sales/Release Sales Order/button Search in Filters")): Object: 'Object Repository/Page_SKT ERP  ERP/Tab Sales/Release Sales Order/button Search in Filters' is clicked on

2022-07-06 11:15:27 - [MESSAGE][PASSED] - Object: 'Object Repository/Page_SKT ERP  ERP/Tab Sales/Release Sales Order/button Search in Filters' is clicked on

2022-07-06 11:15:27 - [TEST_STEP][PASSED] - scrollToElement(findTestObject("Page_SKT ERP  ERP/Tab Sales/Release Sales Order/button Search in Filters"), 30): Scroll to object 'Object Repository/Page_SKT ERP  ERP/Tab Sales/Release Sales Order/button Search in Filters' successfully

2022-07-06 11:15:31 - [MESSAGE][PASSED] - Scroll to object 'Object Repository/Page_SKT ERP  ERP/Tab Sales/Release Sales Order/button Search in Filters' successfully

2022-07-06 11:15:31 - [TEST_STEP][PASSED] - delay(5): Delayed 5 second(s)

2022-07-06 11:15:36 - [MESSAGE][PASSED] - Delayed 5 second(s)

2022-07-06 11:15:36 - [TEST_STEP][PASSED] - click(findTestObject("Page_SKT ERP  ERP/Tab Sales/Release Sales Order/Release")): Object: 'Object Repository/Page_SKT ERP  ERP/Tab Sales/Release Sales Order/Release' is clicked on

2022-07-06 11:15:36 - [MESSAGE][PASSED] - Object: 'Object Repository/Page_SKT ERP  ERP/Tab Sales/Release Sales Order/Release' is clicked on

2022-07-06 11:15:36 - [TEST_STEP][PASSED] - click(findTestObject("Page_SKT ERP  ERP/Tab Sales/Release Sales Order/button Ya for Release Sales Order")): Object: 'Object Repository/Page_SKT ERP  ERP/Tab Sales/Release Sales Order/button Ya for Release Sales Order' is clicked on

2022-07-06 11:15:37 - [MESSAGE][PASSED] - Object: 'Object Repository/Page_SKT ERP  ERP/Tab Sales/Release Sales Order/button Ya for Release Sales Order' is clicked on

2022-07-06 11:15:37 - [TEST_STEP][PASSED] - scrollToElement(findTestObject("Page_SKT ERP  ERP/Tab Sales/Release Sales Order/Assign"), 30): Scroll to object 'Object Repository/Page_SKT ERP  ERP/Tab Sales/Release Sales Order/Assign' successfully

2022-07-06 11:15:40 - [MESSAGE][PASSED] - Scroll to object 'Object Repository/Page_SKT ERP  ERP/Tab Sales/Release Sales Order/Assign' successfully

2022-07-06 11:15:40 - [TEST_STEP][PASSED] - click(findTestObject("Page_SKT ERP  ERP/Tab Sales/Release Sales Order/Assign")): Object: 'Object Repository/Page_SKT ERP  ERP/Tab Sales/Release Sales Order/Assign' is clicked on

2022-07-06 11:15:41 - [MESSAGE][PASSED] - Object: 'Object Repository/Page_SKT ERP  ERP/Tab Sales/Release Sales Order/Assign' is clicked on

2022-07-06 11:15:41 - [TEST_STEP][PASSED] - click(findTestObject("Page_SKT ERP  ERP/Tab Sales/Release Sales Order/button_Ya")): Object: 'Object Repository/Page_SKT ERP  ERP/Tab Sales/Release Sales Order/button_Ya' is clicked on

2022-07-06 11:15:41 - [MESSAGE][PASSED] - Object: 'Object Repository/Page_SKT ERP  ERP/Tab Sales/Release Sales Order/button_Ya' is clicked on

2022-07-06 11:15:41 - [TEST_STEP][PASSED] - delay(5): Delayed 5 second(s)

2022-07-06 11:15:46 - [MESSAGE][PASSED] - Delayed 5 second(s)

2022-07-06 11:15:46 - [TEST_STEP][PASSED] - click(findTestObject("Page_SKT ERP  ERP/Tab Sales/Tab Sales")): Object: 'Object Repository/Page_SKT ERP  ERP/Tab Sales/Tab Sales' is clicked on

2022-07-06 11:15:49 - [MESSAGE][PASSED] - Object: 'Object Repository/Page_SKT ERP  ERP/Tab Sales/Tab Sales' is clicked on

2022-07-06 11:15:49 - [TEST_STEP][PASSED] - click(findTestObject("Page_SKT ERP  ERP/Tab Sales/Release Sales Order - Approval/Tab Release Sales Order - Approval")): Object: 'Object Repository/Page_SKT ERP  ERP/Tab Sales/Release Sales Order - Approval/Tab Release Sales Order - Approval' is clicked on

2022-07-06 11:15:50 - [MESSAGE][PASSED] - Object: 'Object Repository/Page_SKT ERP  ERP/Tab Sales/Release Sales Order - Approval/Tab Release Sales Order - Approval' is clicked on

2022-07-06 11:15:50 - [TEST_STEP][PASSED] - click(findTestObject("Page_SKT ERP  ERP/Tab Sales/Release Sales Order - Approval/Approve")): Object: 'Object Repository/Page_SKT ERP  ERP/Tab Sales/Release Sales Order - Approval/Approve' is clicked on

2022-07-06 11:15:51 - [MESSAGE][PASSED] - Object: 'Object Repository/Page_SKT ERP  ERP/Tab Sales/Release Sales Order - Approval/Approve' is clicked on

2022-07-06 11:15:51 - [TEST_STEP][PASSED] - click(findTestObject("Page_SKT ERP  ERP/Tab Sales/Release Sales Order - Approval/button Ya for Approve")): Object: 'Object Repository/Page_SKT ERP  ERP/Tab Sales/Release Sales Order - Approval/button Ya for Approve' is clicked on

2022-07-06 11:15:51 - [MESSAGE][PASSED] - Object: 'Object Repository/Page_SKT ERP  ERP/Tab Sales/Release Sales Order - Approval/button Ya for Approve' is clicked on

2022-07-06 11:15:51 - [TEST_STEP][PASSED] - delay(15): Delayed 15 second(s)

2022-07-06 11:16:06 - [MESSAGE][PASSED] - Delayed 15 second(s)

2022-07-06 11:16:06 - [TEST_STEP][PASSED] - closeBrowser(): Browser is closed

2022-07-06 11:16:07 - [MESSAGE][PASSED] - Browser is closed]]></system-out>
         <system-err><![CDATA[]]></system-err>
      </testcase>
      <testcase name="Test Cases/SKT ERP/Production/2 - 2A_ Verify Calculated Values in Work Order (box partisi1 partisi2)" time="72.461" classname="Test Cases/SKT ERP/Production/2 - 2A_ Verify Calculated Values in Work Order (box partisi1 partisi2)" status="FAILED">
         <failure type="FAILED" message="Test Cases/SKT ERP/Production/2 - 2A_ Verify Calculated Values in Work Order (box partisi1 partisi2) FAILED.
Reason:
com.kms.katalon.core.exception.StepFailedException: Unable to verify match between actual text '4.63' and expected text '4.64' (Root cause: com.kms.katalon.core.exception.StepFailedException: Actual text '4.63' and expected text '4.64' are not matched
	at com.kms.katalon.core.keyword.builtin.VerifyMatchKeyword$_verifyMatch_closure1.doCall(VerifyMatchKeyword.groovy:57)
	at com.kms.katalon.core.keyword.builtin.VerifyMatchKeyword$_verifyMatch_closure1.call(VerifyMatchKeyword.groovy)
	at com.kms.katalon.core.keyword.internal.KeywordMain.runKeyword(KeywordMain.groovy:74)
	at com.kms.katalon.core.keyword.builtin.VerifyMatchKeyword.verifyMatch(VerifyMatchKeyword.groovy:60)
	at com.kms.katalon.core.keyword.builtin.VerifyMatchKeyword.execute(VerifyMatchKeyword.groovy:45)
	at com.kms.katalon.core.keyword.internal.KeywordExecutor.executeKeywordForPlatform(KeywordExecutor.groovy:74)
	at com.kms.katalon.core.keyword.BuiltinKeywords.verifyMatch(BuiltinKeywords.groovy:73)
	at 2 - 2A_ Verify Calculated Values in Work Order (box partisi1 partisi2).run(2 - 2A_ Verify Calculated Values in Work Order (box partisi1 partisi2):322)
	at com.kms.katalon.core.main.ScriptEngine.run(ScriptEngine.java:194)
	at com.kms.katalon.core.main.ScriptEngine.runScriptAsRawText(ScriptEngine.java:119)
	at com.kms.katalon.core.main.TestCaseExecutor.runScript(TestCaseExecutor.java:445)
	at com.kms.katalon.core.main.TestCaseExecutor.doExecute(TestCaseExecutor.java:436)
	at com.kms.katalon.core.main.TestCaseExecutor.processExecutionPhase(TestCaseExecutor.java:415)
	at com.kms.katalon.core.main.TestCaseExecutor.accessMainPhase(TestCaseExecutor.java:407)
	at com.kms.katalon.core.main.TestCaseExecutor.execute(TestCaseExecutor.java:284)
	at com.kms.katalon.core.common.CommonExecutor.accessTestCaseMainPhase(CommonExecutor.java:65)
	at com.kms.katalon.core.main.TestSuiteExecutor.accessTestSuiteMainPhase(TestSuiteExecutor.java:144)
	at com.kms.katalon.core.main.TestSuiteExecutor.execute(TestSuiteExecutor.java:106)
	at com.kms.katalon.core.main.TestCaseMain.startTestSuite(TestCaseMain.java:185)
	at com.kms.katalon.core.main.TestCaseMain$startTestSuite$0.call(Unknown Source)
	at TempTestSuite1657080848602.run(TempTestSuite1657080848602.groovy:36)
)
	at com.kms.katalon.core.keyword.internal.KeywordMain.stepFailed(KeywordMain.groovy:39)
	at com.kms.katalon.core.keyword.internal.KeywordMain.stepFailed(KeywordMain.groovy)
	at com.kms.katalon.core.keyword.internal.KeywordMain.runKeyword(KeywordMain.groovy:76)
	at com.kms.katalon.core.keyword.builtin.VerifyMatchKeyword.verifyMatch(VerifyMatchKeyword.groovy:60)
	at com.kms.katalon.core.keyword.builtin.VerifyMatchKeyword.execute(VerifyMatchKeyword.groovy:45)
	at com.kms.katalon.core.keyword.internal.KeywordExecutor.executeKeywordForPlatform(KeywordExecutor.groovy:74)
	at com.kms.katalon.core.keyword.BuiltinKeywords.verifyMatch(BuiltinKeywords.groovy:73)
	at 2 - 2A_ Verify Calculated Values in Work Order (box partisi1 partisi2).run(2 - 2A_ Verify Calculated Values in Work Order (box partisi1 partisi2):322)
	at com.kms.katalon.core.main.ScriptEngine.run(ScriptEngine.java:194)
	at com.kms.katalon.core.main.ScriptEngine.runScriptAsRawText(ScriptEngine.java:119)
	at com.kms.katalon.core.main.TestCaseExecutor.runScript(TestCaseExecutor.java:445)
	at com.kms.katalon.core.main.TestCaseExecutor.doExecute(TestCaseExecutor.java:436)
	at com.kms.katalon.core.main.TestCaseExecutor.processExecutionPhase(TestCaseExecutor.java:415)
	at com.kms.katalon.core.main.TestCaseExecutor.accessMainPhase(TestCaseExecutor.java:407)
	at com.kms.katalon.core.main.TestCaseExecutor.execute(TestCaseExecutor.java:284)
	at com.kms.katalon.core.common.CommonExecutor.accessTestCaseMainPhase(CommonExecutor.java:65)
	at com.kms.katalon.core.main.TestSuiteExecutor.accessTestSuiteMainPhase(TestSuiteExecutor.java:144)
	at com.kms.katalon.core.main.TestSuiteExecutor.execute(TestSuiteExecutor.java:106)
	at com.kms.katalon.core.main.TestCaseMain.startTestSuite(TestCaseMain.java:185)
	at com.kms.katalon.core.main.TestCaseMain$startTestSuite$0.call(Unknown Source)
	at TempTestSuite1657080848602.run(TempTestSuite1657080848602.groovy:36)
Caused by: com.kms.katalon.core.exception.StepFailedException: Actual text '4.63' and expected text '4.64' are not matched
	at com.kms.katalon.core.keyword.builtin.VerifyMatchKeyword$_verifyMatch_closure1.doCall(VerifyMatchKeyword.groovy:57)
	at com.kms.katalon.core.keyword.builtin.VerifyMatchKeyword$_verifyMatch_closure1.call(VerifyMatchKeyword.groovy)
	at com.kms.katalon.core.keyword.internal.KeywordMain.runKeyword(KeywordMain.groovy:74)
	... 18 more
"/>
         <system-out><![CDATA[2022-07-06 11:16:07 - [TEST_CASE][FAILED] - Test Cases/SKT ERP/Production/2 - 2A_ Verify Calculated Values in Work Order (box partisi1 partisi2): Test Cases/SKT ERP/Production/2 - 2A_ Verify Calculated Values in Work Order (box partisi1 partisi2) FAILED.
Reason:
com.kms.katalon.core.exception.StepFailedException: Unable to verify match between actual text '4.63' and expected text '4.64' (Root cause: com.kms.katalon.core.exception.StepFailedException: Actual text '4.63' and expected text '4.64' are not matched
	at com.kms.katalon.core.keyword.builtin.VerifyMatchKeyword$_verifyMatch_closure1.doCall(VerifyMatchKeyword.groovy:57)
	at com.kms.katalon.core.keyword.builtin.VerifyMatchKeyword$_verifyMatch_closure1.call(VerifyMatchKeyword.groovy)
	at com.kms.katalon.core.keyword.internal.KeywordMain.runKeyword(KeywordMain.groovy:74)
	at com.kms.katalon.core.keyword.builtin.VerifyMatchKeyword.verifyMatch(VerifyMatchKeyword.groovy:60)
	at com.kms.katalon.core.keyword.builtin.VerifyMatchKeyword.execute(VerifyMatchKeyword.groovy:45)
	at com.kms.katalon.core.keyword.internal.KeywordExecutor.executeKeywordForPlatform(KeywordExecutor.groovy:74)
	at com.kms.katalon.core.keyword.BuiltinKeywords.verifyMatch(BuiltinKeywords.groovy:73)
	at 2 - 2A_ Verify Calculated Values in Work Order (box partisi1 partisi2).run(2 - 2A_ Verify Calculated Values in Work Order (box partisi1 partisi2):322)
	at com.kms.katalon.core.main.ScriptEngine.run(ScriptEngine.java:194)
	at com.kms.katalon.core.main.ScriptEngine.runScriptAsRawText(ScriptEngine.java:119)
	at com.kms.katalon.core.main.TestCaseExecutor.runScript(TestCaseExecutor.java:445)
	at com.kms.katalon.core.main.TestCaseExecutor.doExecute(TestCaseExecutor.java:436)
	at com.kms.katalon.core.main.TestCaseExecutor.processExecutionPhase(TestCaseExecutor.java:415)
	at com.kms.katalon.core.main.TestCaseExecutor.accessMainPhase(TestCaseExecutor.java:407)
	at com.kms.katalon.core.main.TestCaseExecutor.execute(TestCaseExecutor.java:284)
	at com.kms.katalon.core.common.CommonExecutor.accessTestCaseMainPhase(CommonExecutor.java:65)
	at com.kms.katalon.core.main.TestSuiteExecutor.accessTestSuiteMainPhase(TestSuiteExecutor.java:144)
	at com.kms.katalon.core.main.TestSuiteExecutor.execute(TestSuiteExecutor.java:106)
	at com.kms.katalon.core.main.TestCaseMain.startTestSuite(TestCaseMain.java:185)
	at com.kms.katalon.core.main.TestCaseMain$startTestSuite$0.call(Unknown Source)
	at TempTestSuite1657080848602.run(TempTestSuite1657080848602.groovy:36)
)
	at com.kms.katalon.core.keyword.internal.KeywordMain.stepFailed(KeywordMain.groovy:39)
	at com.kms.katalon.core.keyword.internal.KeywordMain.stepFailed(KeywordMain.groovy)
	at com.kms.katalon.core.keyword.internal.KeywordMain.runKeyword(KeywordMain.groovy:76)
	at com.kms.katalon.core.keyword.builtin.VerifyMatchKeyword.verifyMatch(VerifyMatchKeyword.groovy:60)
	at com.kms.katalon.core.keyword.builtin.VerifyMatchKeyword.execute(VerifyMatchKeyword.groovy:45)
	at com.kms.katalon.core.keyword.internal.KeywordExecutor.executeKeywordForPlatform(KeywordExecutor.groovy:74)
	at com.kms.katalon.core.keyword.BuiltinKeywords.verifyMatch(BuiltinKeywords.groovy:73)
	at 2 - 2A_ Verify Calculated Values in Work Order (box partisi1 partisi2).run(2 - 2A_ Verify Calculated Values in Work Order (box partisi1 partisi2):322)
	at com.kms.katalon.core.main.ScriptEngine.run(ScriptEngine.java:194)
	at com.kms.katalon.core.main.ScriptEngine.runScriptAsRawText(ScriptEngine.java:119)
	at com.kms.katalon.core.main.TestCaseExecutor.runScript(TestCaseExecutor.java:445)
	at com.kms.katalon.core.main.TestCaseExecutor.doExecute(TestCaseExecutor.java:436)
	at com.kms.katalon.core.main.TestCaseExecutor.processExecutionPhase(TestCaseExecutor.java:415)
	at com.kms.katalon.core.main.TestCaseExecutor.accessMainPhase(TestCaseExecutor.java:407)
	at com.kms.katalon.core.main.TestCaseExecutor.execute(TestCaseExecutor.java:284)
	at com.kms.katalon.core.common.CommonExecutor.accessTestCaseMainPhase(CommonExecutor.java:65)
	at com.kms.katalon.core.main.TestSuiteExecutor.accessTestSuiteMainPhase(TestSuiteExecutor.java:144)
	at com.kms.katalon.core.main.TestSuiteExecutor.execute(TestSuiteExecutor.java:106)
	at com.kms.katalon.core.main.TestCaseMain.startTestSuite(TestCaseMain.java:185)
	at com.kms.katalon.core.main.TestCaseMain$startTestSuite$0.call(Unknown Source)
	at TempTestSuite1657080848602.run(TempTestSuite1657080848602.groovy:36)
Caused by: com.kms.katalon.core.exception.StepFailedException: Actual text '4.63' and expected text '4.64' are not matched
	at com.kms.katalon.core.keyword.builtin.VerifyMatchKeyword$_verifyMatch_closure1.doCall(VerifyMatchKeyword.groovy:57)
	at com.kms.katalon.core.keyword.builtin.VerifyMatchKeyword$_verifyMatch_closure1.call(VerifyMatchKeyword.groovy)
	at com.kms.katalon.core.keyword.internal.KeywordMain.runKeyword(KeywordMain.groovy:74)
	... 18 more


2022-07-06 11:16:08 - [TEST_STEP][PASSED] - openBrowser(""): Browser is opened with url: ''

2022-07-06 11:16:08 - [MESSAGE][INFO] - Starting 'Chrome' driver

2022-07-06 11:16:08 - [MESSAGE][INFO] - Action delay is set to 0 milliseconds

2022-07-06 11:16:09 - [MESSAGE][PASSED] - Browser is opened with url: ''

2022-07-06 11:16:09 - [TEST_STEP][PASSED] - navigateToUrl("http://localhost:3001/login"): Navigate to 'http://localhost:3001/login' successfully

2022-07-06 11:16:11 - [MESSAGE][PASSED] - Navigate to 'http://localhost:3001/login' successfully

2022-07-06 11:16:11 - [TEST_STEP][PASSED] - setText(findTestObject("Object Repository/Page_SKT ERP  ERP/Login/input_login_username"), "devshelly"): Text 'devshelly' is set on object 'Object Repository/Page_SKT ERP  ERP/Login/input_login_username'

2022-07-06 11:16:12 - [MESSAGE][PASSED] - Text 'devshelly' is set on object 'Object Repository/Page_SKT ERP  ERP/Login/input_login_username'

2022-07-06 11:16:12 - [TEST_STEP][PASSED] - setEncryptedText(findTestObject("Object Repository/Page_SKT ERP  ERP/Login/input_login_password"), "bD8Rq1FIAurX2vfab/lFTQ=="): Text ****** has been set on object 'Object Repository/Page_SKT ERP  ERP/Login/input_login_password'

2022-07-06 11:16:12 - [MESSAGE][PASSED] - Text ****** has been set on object 'Object Repository/Page_SKT ERP  ERP/Login/input_login_password'

2022-07-06 11:16:12 - [TEST_STEP][PASSED] - maximizeWindow(): Current window maximized

2022-07-06 11:16:12 - [MESSAGE][PASSED] - Current window maximized

2022-07-06 11:16:12 - [TEST_STEP][PASSED] - driver = getWebDriver(): null

2022-07-06 11:16:12 - [TEST_STEP][PASSED] - click(findTestObject("Object Repository/Page_SKT ERP  ERP/Login/button_login")): Object: 'Object Repository/Page_SKT ERP  ERP/Login/button_login' is clicked on

2022-07-06 11:16:13 - [MESSAGE][PASSED] - Object: 'Object Repository/Page_SKT ERP  ERP/Login/button_login' is clicked on

2022-07-06 11:16:13 - [TEST_STEP][PASSED] - noSalesOrder = noSalesOrderBoxPartisi: null

2022-07-06 11:16:13 - [TEST_STEP][PASSED] - qtySalesOrder = qtySalesOrderBoxPartisi: null

2022-07-06 11:16:13 - [TEST_STEP][PASSED] - newQty = Float.parseFloat(qtySalesOrder): null

2022-07-06 11:16:13 - [TEST_STEP][PASSED] - click(findTestObject("Object Repository/Page_SKT ERP  ERP/Tab Sales/Tab Sales")): Object: 'Object Repository/Page_SKT ERP  ERP/Tab Sales/Tab Sales' is clicked on

2022-07-06 11:16:15 - [MESSAGE][PASSED] - Object: 'Object Repository/Page_SKT ERP  ERP/Tab Sales/Tab Sales' is clicked on

2022-07-06 11:16:15 - [TEST_STEP][PASSED] - click(findTestObject("Page_SKT ERP  ERP/Tab Sales/Release Sales Order/Tab Release Sales Order")): Object: 'Object Repository/Page_SKT ERP  ERP/Tab Sales/Release Sales Order/Tab Release Sales Order' is clicked on

2022-07-06 11:16:16 - [MESSAGE][PASSED] - Object: 'Object Repository/Page_SKT ERP  ERP/Tab Sales/Release Sales Order/Tab Release Sales Order' is clicked on

2022-07-06 11:16:16 - [TEST_STEP][PASSED] - click(findTestObject("Page_SKT ERP  ERP/Tab Sales/Release Sales Order/Button Filters")): Object: 'Object Repository/Page_SKT ERP  ERP/Tab Sales/Release Sales Order/Button Filters' is clicked on

2022-07-06 11:16:33 - [MESSAGE][PASSED] - Object: 'Object Repository/Page_SKT ERP  ERP/Tab Sales/Release Sales Order/Button Filters' is clicked on

2022-07-06 11:16:33 - [TEST_STEP][PASSED] - click(findTestObject("Page_SKT ERP  ERP/Tab Sales/Release Sales Order/Filters by No SO")): Object: 'Object Repository/Page_SKT ERP  ERP/Tab Sales/Release Sales Order/Filters by No SO' is clicked on

2022-07-06 11:16:33 - [MESSAGE][PASSED] - Object: 'Object Repository/Page_SKT ERP  ERP/Tab Sales/Release Sales Order/Filters by No SO' is clicked on

2022-07-06 11:16:33 - [TEST_STEP][PASSED] - setText(findTestObject("Page_SKT ERP  ERP/Tab Sales/Release Sales Order/Filters by No SO"), noSalesOrder): Text 'git4box4prts' is set on object 'Object Repository/Page_SKT ERP  ERP/Tab Sales/Release Sales Order/Filters by No SO'

2022-07-06 11:16:34 - [MESSAGE][PASSED] - Text 'git4box4prts' is set on object 'Object Repository/Page_SKT ERP  ERP/Tab Sales/Release Sales Order/Filters by No SO'

2022-07-06 11:16:34 - [TEST_STEP][PASSED] - click(findTestObject("Page_SKT ERP  ERP/Tab Sales/Release Sales Order/button Search in Filters")): Object: 'Object Repository/Page_SKT ERP  ERP/Tab Sales/Release Sales Order/button Search in Filters' is clicked on

2022-07-06 11:16:35 - [MESSAGE][PASSED] - Object: 'Object Repository/Page_SKT ERP  ERP/Tab Sales/Release Sales Order/button Search in Filters' is clicked on

2022-07-06 11:16:35 - [TEST_STEP][PASSED] - scrollToElement(findTestObject("Page_SKT ERP  ERP/Tab Sales/Release Sales Order/button Search in Filters"), 30): Scroll to object 'Object Repository/Page_SKT ERP  ERP/Tab Sales/Release Sales Order/button Search in Filters' successfully

2022-07-06 11:16:36 - [MESSAGE][PASSED] - Scroll to object 'Object Repository/Page_SKT ERP  ERP/Tab Sales/Release Sales Order/button Search in Filters' successfully

2022-07-06 11:16:36 - [TEST_STEP][PASSED] - delay(3): Delayed 3 second(s)

2022-07-06 11:16:39 - [MESSAGE][PASSED] - Delayed 3 second(s)

2022-07-06 11:16:39 - [TEST_STEP][PASSED] - Table = driver.findElement(By.xpath("/html[1]/body[1]/div[1]/div[1]/main[1]/section[1]/div[1]/div[2]/div[2]/div[2]/div[1]/div[1]/div[1]/div[1]/div[1]/div[2]/table[1]/tbody[1]")): null

2022-07-06 11:16:40 - [TEST_STEP][PASSED] - rows_table = Table.findElements(By.tagName("tr")): null

2022-07-06 11:16:40 - [TEST_STEP][PASSED] - rows_count = rows_table.size(): null

2022-07-06 11:16:40 - [TEST_STEP][PASSED] - isiTable = <not implemented yet for class: org.codehaus.groovy.ast.expr.EmptyExpression>: null

2022-07-06 11:16:40 - [TEST_STEP][PASSED] - outkrts = <not implemented yet for class: org.codehaus.groovy.ast.expr.EmptyExpression>: null

2022-07-06 11:16:40 - [TEST_STEP][PASSED] - corr = <not implemented yet for class: org.codehaus.groovy.ast.expr.EmptyExpression>: null

2022-07-06 11:16:40 - [TEST_STEP][PASSED] - beratbox = <not implemented yet for class: org.codehaus.groovy.ast.expr.EmptyExpression>: null

2022-07-06 11:16:40 - [TEST_STEP][PASSED] - beratorder = <not implemented yet for class: org.codehaus.groovy.ast.expr.EmptyExpression>: null

2022-07-06 11:16:40 - [TEST_STEP][PASSED] - berattrim = <not implemented yet for class: org.codehaus.groovy.ast.expr.EmptyExpression>: null

2022-07-06 11:16:40 - [TEST_STEP][PASSED] - BeratSubstance1 = <not implemented yet for class: org.codehaus.groovy.ast.expr.EmptyExpression>: null

2022-07-06 11:16:40 - [TEST_STEP][PASSED] - BeratSubstance2 = <not implemented yet for class: org.codehaus.groovy.ast.expr.EmptyExpression>: null

2022-07-06 11:16:40 - [TEST_STEP][PASSED] - BeratSubstance3 = <not implemented yet for class: org.codehaus.groovy.ast.expr.EmptyExpression>: null

2022-07-06 11:16:40 - [TEST_STEP][PASSED] - BeratSubstance4 = <not implemented yet for class: org.codehaus.groovy.ast.expr.EmptyExpression>: null

2022-07-06 11:16:40 - [TEST_STEP][PASSED] - BeratSubstance5 = <not implemented yet for class: org.codehaus.groovy.ast.expr.EmptyExpression>: null

2022-07-06 11:16:40 - [TEST_STEP][PASSED] - noSPKperItem = new java.util.ArrayList(): null

2022-07-06 11:16:40 - [TEST_STEP][PASSED] - for ([row = 0, row < rows_count, (row++)]): null

2022-07-06 11:16:40 - [TEST_STEP][PASSED] - Columns_row = get(row).findElements(By.tagName("td")): null

2022-07-06 11:16:40 - [TEST_STEP][PASSED] - column_no_spk_item = 4: null

2022-07-06 11:16:40 - [TEST_STEP][PASSED] - isiTable = get(column_no_spk_item).getText(): null

2022-07-06 11:16:40 - [TEST_STEP][PASSED] - comment(isiTable): 2207.0059.SPK

2022-07-06 11:16:40 - [MESSAGE][INFO] - 2207.0059.SPK

2022-07-06 11:16:40 - [TEST_STEP][PASSED] - noSPKperItem.add(isiTable): null

2022-07-06 11:16:40 - [TEST_STEP][PASSED] - Columns_row = get(row).findElements(By.tagName("td")): null

2022-07-06 11:16:41 - [TEST_STEP][PASSED] - column_no_spk_item = 4: null

2022-07-06 11:16:41 - [TEST_STEP][PASSED] - isiTable = get(column_no_spk_item).getText(): null

2022-07-06 11:16:41 - [TEST_STEP][PASSED] - comment(isiTable): 2207.0060.SPK

2022-07-06 11:16:41 - [MESSAGE][INFO] - 2207.0060.SPK

2022-07-06 11:16:41 - [TEST_STEP][PASSED] - noSPKperItem.add(isiTable): null

2022-07-06 11:16:41 - [TEST_STEP][PASSED] - allValues = new java.util.ArrayList(): null

2022-07-06 11:16:41 - [TEST_STEP][PASSED] - array_count = noSPKperItem.size(): null

2022-07-06 11:16:41 - [TEST_STEP][PASSED] - for ([arr = 0, arr < array_count, (arr++)]): null

2022-07-06 11:16:41 - [TEST_STEP][PASSED] - out = noSPKperItem[arr]: null

2022-07-06 11:16:41 - [TEST_STEP][PASSED] - click(findTestObject("Page_SKT ERP  ERP/Tab Production/Tab Production")): Object: 'Object Repository/Page_SKT ERP  ERP/Tab Production/Tab Production' is clicked on

2022-07-06 11:16:41 - [MESSAGE][PASSED] - Object: 'Object Repository/Page_SKT ERP  ERP/Tab Production/Tab Production' is clicked on

2022-07-06 11:16:41 - [TEST_STEP][PASSED] - click(findTestObject("Page_SKT ERP  ERP/Tab Production/Work Order (SPK)/Tab Work Order (SPK)")): Object: 'Object Repository/Page_SKT ERP  ERP/Tab Production/Work Order (SPK)/Tab Work Order (SPK)' is clicked on

2022-07-06 11:16:42 - [MESSAGE][PASSED] - Object: 'Object Repository/Page_SKT ERP  ERP/Tab Production/Work Order (SPK)/Tab Work Order (SPK)' is clicked on

2022-07-06 11:16:42 - [TEST_STEP][PASSED] - click(findTestObject("Page_SKT ERP  ERP/Tab Production/Work Order (SPK)/button Filters")): Object: 'Object Repository/Page_SKT ERP  ERP/Tab Production/Work Order (SPK)/button Filters' is clicked on

2022-07-06 11:16:46 - [MESSAGE][PASSED] - Object: 'Object Repository/Page_SKT ERP  ERP/Tab Production/Work Order (SPK)/button Filters' is clicked on

2022-07-06 11:16:46 - [TEST_STEP][PASSED] - click(findTestObject("Page_SKT ERP  ERP/Tab Production/Work Order (SPK)/Filters by No SPK (per item)")): Object: 'Object Repository/Page_SKT ERP  ERP/Tab Production/Work Order (SPK)/Filters by No SPK (per item)' is clicked on

2022-07-06 11:16:46 - [MESSAGE][PASSED] - Object: 'Object Repository/Page_SKT ERP  ERP/Tab Production/Work Order (SPK)/Filters by No SPK (per item)' is clicked on

2022-07-06 11:16:46 - [TEST_STEP][PASSED] - setText(findTestObject("Page_SKT ERP  ERP/Tab Production/Work Order (SPK)/Filters by No SPK (per item)"), out): Text '2207.0059.SPK' is set on object 'Object Repository/Page_SKT ERP  ERP/Tab Production/Work Order (SPK)/Filters by No SPK (per item)'

2022-07-06 11:16:47 - [MESSAGE][PASSED] - Text '2207.0059.SPK' is set on object 'Object Repository/Page_SKT ERP  ERP/Tab Production/Work Order (SPK)/Filters by No SPK (per item)'

2022-07-06 11:16:47 - [TEST_STEP][PASSED] - click(findTestObject("Page_SKT ERP  ERP/Tab Production/Work Order (SPK)/button Search in Filters")): Object: 'Object Repository/Page_SKT ERP  ERP/Tab Production/Work Order (SPK)/button Search in Filters' is clicked on

2022-07-06 11:16:48 - [MESSAGE][PASSED] - Object: 'Object Repository/Page_SKT ERP  ERP/Tab Production/Work Order (SPK)/button Search in Filters' is clicked on

2022-07-06 11:16:48 - [TEST_STEP][PASSED] - click(findTestObject("Page_SKT ERP  ERP/Tab Production/Work Order (SPK)/View Work Order")): Object: 'Object Repository/Page_SKT ERP  ERP/Tab Production/Work Order (SPK)/View Work Order' is clicked on

2022-07-06 11:16:50 - [MESSAGE][PASSED] - Object: 'Object Repository/Page_SKT ERP  ERP/Tab Production/Work Order (SPK)/View Work Order' is clicked on

2022-07-06 11:16:50 - [TEST_STEP][PASSED] - delay(5): Delayed 5 second(s)

2022-07-06 11:16:55 - [MESSAGE][PASSED] - Delayed 5 second(s)

2022-07-06 11:16:55 - [TEST_STEP][PASSED] - noSPK = getAttribute(findTestObject("Page_SKT ERP  ERP/Tab Production/Work Order (SPK)/No SPK Set coloumn (in view page)"), "value"): Attribute 'value' of object 'Object Repository/Page_SKT ERP  ERP/Tab Production/Work Order (SPK)/No SPK Set coloumn (in view page)' is: '22013628'

2022-07-06 11:16:55 - [MESSAGE][PASSED] - Attribute 'value' of object 'Object Repository/Page_SKT ERP  ERP/Tab Production/Work Order (SPK)/No SPK Set coloumn (in view page)' is: '22013628'

2022-07-06 11:16:55 - [TEST_STEP][PASSED] - noSPKSetBoxPartisi = noSPK: null

2022-07-06 11:16:55 - [TEST_STEP][PASSED] - type = getAttribute(findTestObject("Page_SKT ERP  ERP/Tab Production/Work Order (SPK)/tipe"), "value"): Attribute 'value' of object 'Object Repository/Page_SKT ERP  ERP/Tab Production/Work Order (SPK)/tipe' is: 'BOX'

2022-07-06 11:16:55 - [MESSAGE][PASSED] - Attribute 'value' of object 'Object Repository/Page_SKT ERP  ERP/Tab Production/Work Order (SPK)/tipe' is: 'BOX'

2022-07-06 11:16:55 - [TEST_STEP][PASSED] - if (type == "BOX"): 0

2022-07-06 11:16:55 - [TEST_STEP][PASSED] - outkrts = getAttribute(findTestObject("Page_SKT ERP  ERP/Tab Production/Work Order (SPK)/Work order Values (box)/Out Kertas Values (box)"), "value"): Attribute 'value' of object 'Object Repository/Page_SKT ERP  ERP/Tab Production/Work Order (SPK)/Work order Values (box)/Out Kertas Values (box)' is: '4'

2022-07-06 11:16:56 - [MESSAGE][PASSED] - Attribute 'value' of object 'Object Repository/Page_SKT ERP  ERP/Tab Production/Work Order (SPK)/Work order Values (box)/Out Kertas Values (box)' is: '4'

2022-07-06 11:16:56 - [TEST_STEP][PASSED] - comment(outkrts): 4

2022-07-06 11:16:56 - [MESSAGE][INFO] - 4

2022-07-06 11:16:56 - [TEST_STEP][PASSED] - corr = getAttribute(findTestObject("Page_SKT ERP  ERP/Tab Production/Work Order (SPK)/Work order Values (box)/Corr Values (box)"), "value"): Attribute 'value' of object 'Object Repository/Page_SKT ERP  ERP/Tab Production/Work Order (SPK)/Work order Values (box)/Corr Values (box)' is: '25'

2022-07-06 11:16:56 - [MESSAGE][PASSED] - Attribute 'value' of object 'Object Repository/Page_SKT ERP  ERP/Tab Production/Work Order (SPK)/Work order Values (box)/Corr Values (box)' is: '25'

2022-07-06 11:16:56 - [TEST_STEP][PASSED] - comment(corr): 25

2022-07-06 11:16:56 - [MESSAGE][INFO] - 25

2022-07-06 11:16:56 - [TEST_STEP][PASSED] - beratbox = getAttribute(findTestObject("Page_SKT ERP  ERP/Tab Production/Work Order (SPK)/Work order Values (box)/Berat at Box (gram) (box)"), "value"): Attribute 'value' of object 'Object Repository/Page_SKT ERP  ERP/Tab Production/Work Order (SPK)/Work order Values (box)/Berat at Box (gram) (box)' is: '133.09'

2022-07-06 11:16:57 - [MESSAGE][PASSED] - Attribute 'value' of object 'Object Repository/Page_SKT ERP  ERP/Tab Production/Work Order (SPK)/Work order Values (box)/Berat at Box (gram) (box)' is: '133.09'

2022-07-06 11:16:57 - [TEST_STEP][PASSED] - comment(beratbox): 133.09

2022-07-06 11:16:57 - [MESSAGE][INFO] - 133.09

2022-07-06 11:16:57 - [TEST_STEP][PASSED] - beratorder = getAttribute(findTestObject("Page_SKT ERP  ERP/Tab Production/Work Order (SPK)/Work order Values (box)/Berat Order (Kg) (box)"), "value"): Attribute 'value' of object 'Object Repository/Page_SKT ERP  ERP/Tab Production/Work Order (SPK)/Work order Values (box)/Berat Order (Kg) (box)' is: '13.31'

2022-07-06 11:16:57 - [MESSAGE][PASSED] - Attribute 'value' of object 'Object Repository/Page_SKT ERP  ERP/Tab Production/Work Order (SPK)/Work order Values (box)/Berat Order (Kg) (box)' is: '13.31'

2022-07-06 11:16:57 - [TEST_STEP][PASSED] - comment(beratorder): 13.31

2022-07-06 11:16:57 - [MESSAGE][INFO] - 13.31

2022-07-06 11:16:57 - [TEST_STEP][PASSED] - berattrim = getAttribute(findTestObject("Page_SKT ERP  ERP/Tab Production/Work Order (SPK)/Work order Values (box)/Berat Trim (Kg) (box)"), "value"): Attribute 'value' of object 'Object Repository/Page_SKT ERP  ERP/Tab Production/Work Order (SPK)/Work order Values (box)/Berat Trim (Kg) (box)' is: '0.32725'

2022-07-06 11:16:57 - [MESSAGE][PASSED] - Attribute 'value' of object 'Object Repository/Page_SKT ERP  ERP/Tab Production/Work Order (SPK)/Work order Values (box)/Berat Trim (Kg) (box)' is: '0.32725'

2022-07-06 11:16:57 - [TEST_STEP][PASSED] - comment(berattrim): 0.32725

2022-07-06 11:16:57 - [MESSAGE][INFO] - 0.32725

2022-07-06 11:16:57 - [TEST_STEP][PASSED] - BeratSubstance1 = getAttribute(findTestObject("Page_SKT ERP  ERP/Tab Production/Work Order (SPK)/Work order Values (box)/Berat Substance 1 (box)"), "value"): Attribute 'value' of object 'Object Repository/Page_SKT ERP  ERP/Tab Production/Work Order (SPK)/Work order Values (box)/Berat Substance 1 (box)' is: '4.63'

2022-07-06 11:16:58 - [MESSAGE][PASSED] - Attribute 'value' of object 'Object Repository/Page_SKT ERP  ERP/Tab Production/Work Order (SPK)/Work order Values (box)/Berat Substance 1 (box)' is: '4.63'

2022-07-06 11:16:58 - [TEST_STEP][PASSED] - comment(BeratSubstance1): 4.63

2022-07-06 11:16:58 - [MESSAGE][INFO] - 4.63

2022-07-06 11:16:58 - [TEST_STEP][PASSED] - BeratSubstance2 = getAttribute(findTestObject("Page_SKT ERP  ERP/Tab Production/Work Order (SPK)/Work order Values (box)/Berat Substance 2 (box)"), "value"): Attribute 'value' of object 'Object Repository/Page_SKT ERP  ERP/Tab Production/Work Order (SPK)/Work order Values (box)/Berat Substance 2 (box)' is: '5.14'

2022-07-06 11:16:58 - [MESSAGE][PASSED] - Attribute 'value' of object 'Object Repository/Page_SKT ERP  ERP/Tab Production/Work Order (SPK)/Work order Values (box)/Berat Substance 2 (box)' is: '5.14'

2022-07-06 11:16:58 - [TEST_STEP][PASSED] - comment(BeratSubstance2): 5.14

2022-07-06 11:16:58 - [MESSAGE][INFO] - 5.14

2022-07-06 11:16:58 - [TEST_STEP][PASSED] - BeratSubstance3 = getAttribute(findTestObject("Page_SKT ERP  ERP/Tab Production/Work Order (SPK)/Work order Values (box)/Berat Substance 3 (box)"), "value"): Attribute 'value' of object 'Object Repository/Page_SKT ERP  ERP/Tab Production/Work Order (SPK)/Work order Values (box)/Berat Substance 3 (box)' is: '3.86'

2022-07-06 11:16:59 - [MESSAGE][PASSED] - Attribute 'value' of object 'Object Repository/Page_SKT ERP  ERP/Tab Production/Work Order (SPK)/Work order Values (box)/Berat Substance 3 (box)' is: '3.86'

2022-07-06 11:16:59 - [TEST_STEP][PASSED] - comment(BeratSubstance3): 3.86

2022-07-06 11:16:59 - [MESSAGE][INFO] - 3.86

2022-07-06 11:16:59 - [TEST_STEP][PASSED] - BeratSubstance4 = getAttribute(findTestObject("Page_SKT ERP  ERP/Tab Production/Work Order (SPK)/Work order Values (box)/Berat Substance 4 (box)"), "value"): Attribute 'value' of object 'Object Repository/Page_SKT ERP  ERP/Tab Production/Work Order (SPK)/Work order Values (box)/Berat Substance 4 (box)' is: '0'

2022-07-06 11:16:59 - [MESSAGE][PASSED] - Attribute 'value' of object 'Object Repository/Page_SKT ERP  ERP/Tab Production/Work Order (SPK)/Work order Values (box)/Berat Substance 4 (box)' is: '0'

2022-07-06 11:16:59 - [TEST_STEP][PASSED] - comment(BeratSubstance4): 0

2022-07-06 11:16:59 - [MESSAGE][INFO] - 0

2022-07-06 11:16:59 - [TEST_STEP][PASSED] - BeratSubstance5 = getAttribute(findTestObject("Page_SKT ERP  ERP/Tab Production/Work Order (SPK)/Work order Values (box)/Berat Substance 5 (box)"), "value"): Attribute 'value' of object 'Object Repository/Page_SKT ERP  ERP/Tab Production/Work Order (SPK)/Work order Values (box)/Berat Substance 5 (box)' is: '0'

2022-07-06 11:17:00 - [MESSAGE][PASSED] - Attribute 'value' of object 'Object Repository/Page_SKT ERP  ERP/Tab Production/Work Order (SPK)/Work order Values (box)/Berat Substance 5 (box)' is: '0'

2022-07-06 11:17:00 - [TEST_STEP][PASSED] - comment(BeratSubstance5): 0

2022-07-06 11:17:00 - [MESSAGE][INFO] - 0

2022-07-06 11:17:00 - [TEST_STEP][PASSED] - if (type == "PARTISI"): null

2022-07-06 11:17:00 - [TEST_STEP][PASSED] - click(findTestObject("Page_SKT ERP  ERP/Tab Production/Work Order (SPK)/button back (from view work order)")): Object: 'Object Repository/Page_SKT ERP  ERP/Tab Production/Work Order (SPK)/button back (from view work order)' is clicked on

2022-07-06 11:17:00 - [MESSAGE][PASSED] - Object: 'Object Repository/Page_SKT ERP  ERP/Tab Production/Work Order (SPK)/button back (from view work order)' is clicked on

2022-07-06 11:17:00 - [TEST_STEP][PASSED] - allValues.add(outkrts): null

2022-07-06 11:17:00 - [TEST_STEP][PASSED] - allValues.add(corr): null

2022-07-06 11:17:00 - [TEST_STEP][PASSED] - allValues.add(beratbox): null

2022-07-06 11:17:00 - [TEST_STEP][PASSED] - allValues.add(beratorder): null

2022-07-06 11:17:00 - [TEST_STEP][PASSED] - allValues.add(berattrim): null

2022-07-06 11:17:00 - [TEST_STEP][PASSED] - allValues.add(BeratSubstance1): null

2022-07-06 11:17:00 - [TEST_STEP][PASSED] - allValues.add(BeratSubstance2): null

2022-07-06 11:17:00 - [TEST_STEP][PASSED] - allValues.add(BeratSubstance3): null

2022-07-06 11:17:00 - [TEST_STEP][PASSED] - allValues.add(BeratSubstance4): null

2022-07-06 11:17:00 - [TEST_STEP][PASSED] - allValues.add(BeratSubstance5): null

2022-07-06 11:17:00 - [TEST_STEP][PASSED] - out = noSPKperItem[arr]: null

2022-07-06 11:17:00 - [TEST_STEP][PASSED] - click(findTestObject("Page_SKT ERP  ERP/Tab Production/Tab Production")): Object: 'Object Repository/Page_SKT ERP  ERP/Tab Production/Tab Production' is clicked on

2022-07-06 11:17:03 - [MESSAGE][PASSED] - Object: 'Object Repository/Page_SKT ERP  ERP/Tab Production/Tab Production' is clicked on

2022-07-06 11:17:03 - [TEST_STEP][PASSED] - click(findTestObject("Page_SKT ERP  ERP/Tab Production/Work Order (SPK)/Tab Work Order (SPK)")): Object: 'Object Repository/Page_SKT ERP  ERP/Tab Production/Work Order (SPK)/Tab Work Order (SPK)' is clicked on

2022-07-06 11:17:04 - [MESSAGE][PASSED] - Object: 'Object Repository/Page_SKT ERP  ERP/Tab Production/Work Order (SPK)/Tab Work Order (SPK)' is clicked on

2022-07-06 11:17:04 - [TEST_STEP][PASSED] - click(findTestObject("Page_SKT ERP  ERP/Tab Production/Work Order (SPK)/button Filters")): Object: 'Object Repository/Page_SKT ERP  ERP/Tab Production/Work Order (SPK)/button Filters' is clicked on

2022-07-06 11:17:04 - [MESSAGE][PASSED] - Object: 'Object Repository/Page_SKT ERP  ERP/Tab Production/Work Order (SPK)/button Filters' is clicked on

2022-07-06 11:17:04 - [TEST_STEP][PASSED] - click(findTestObject("Page_SKT ERP  ERP/Tab Production/Work Order (SPK)/Filters by No SPK (per item)")): Object: 'Object Repository/Page_SKT ERP  ERP/Tab Production/Work Order (SPK)/Filters by No SPK (per item)' is clicked on

2022-07-06 11:17:05 - [MESSAGE][PASSED] - Object: 'Object Repository/Page_SKT ERP  ERP/Tab Production/Work Order (SPK)/Filters by No SPK (per item)' is clicked on

2022-07-06 11:17:05 - [TEST_STEP][PASSED] - setText(findTestObject("Page_SKT ERP  ERP/Tab Production/Work Order (SPK)/Filters by No SPK (per item)"), out): Text '2207.0060.SPK' is set on object 'Object Repository/Page_SKT ERP  ERP/Tab Production/Work Order (SPK)/Filters by No SPK (per item)'

2022-07-06 11:17:06 - [MESSAGE][PASSED] - Text '2207.0060.SPK' is set on object 'Object Repository/Page_SKT ERP  ERP/Tab Production/Work Order (SPK)/Filters by No SPK (per item)'

2022-07-06 11:17:06 - [TEST_STEP][PASSED] - click(findTestObject("Page_SKT ERP  ERP/Tab Production/Work Order (SPK)/button Search in Filters")): Object: 'Object Repository/Page_SKT ERP  ERP/Tab Production/Work Order (SPK)/button Search in Filters' is clicked on

2022-07-06 11:17:07 - [MESSAGE][PASSED] - Object: 'Object Repository/Page_SKT ERP  ERP/Tab Production/Work Order (SPK)/button Search in Filters' is clicked on

2022-07-06 11:17:07 - [TEST_STEP][PASSED] - click(findTestObject("Page_SKT ERP  ERP/Tab Production/Work Order (SPK)/View Work Order")): Object: 'Object Repository/Page_SKT ERP  ERP/Tab Production/Work Order (SPK)/View Work Order' is clicked on

2022-07-06 11:17:08 - [MESSAGE][PASSED] - Object: 'Object Repository/Page_SKT ERP  ERP/Tab Production/Work Order (SPK)/View Work Order' is clicked on

2022-07-06 11:17:08 - [TEST_STEP][PASSED] - delay(5): Delayed 5 second(s)

2022-07-06 11:17:13 - [MESSAGE][PASSED] - Delayed 5 second(s)

2022-07-06 11:17:13 - [TEST_STEP][PASSED] - noSPK = getAttribute(findTestObject("Page_SKT ERP  ERP/Tab Production/Work Order (SPK)/No SPK Set coloumn (in view page)"), "value"): Attribute 'value' of object 'Object Repository/Page_SKT ERP  ERP/Tab Production/Work Order (SPK)/No SPK Set coloumn (in view page)' is: '22013628'

2022-07-06 11:17:14 - [MESSAGE][PASSED] - Attribute 'value' of object 'Object Repository/Page_SKT ERP  ERP/Tab Production/Work Order (SPK)/No SPK Set coloumn (in view page)' is: '22013628'

2022-07-06 11:17:14 - [TEST_STEP][PASSED] - noSPKSetBoxPartisi = noSPK: null

2022-07-06 11:17:14 - [TEST_STEP][PASSED] - type = getAttribute(findTestObject("Page_SKT ERP  ERP/Tab Production/Work Order (SPK)/tipe"), "value"): Attribute 'value' of object 'Object Repository/Page_SKT ERP  ERP/Tab Production/Work Order (SPK)/tipe' is: 'PARTISI'

2022-07-06 11:17:14 - [MESSAGE][PASSED] - Attribute 'value' of object 'Object Repository/Page_SKT ERP  ERP/Tab Production/Work Order (SPK)/tipe' is: 'PARTISI'

2022-07-06 11:17:14 - [TEST_STEP][PASSED] - if (type == "BOX"): null

2022-07-06 11:17:14 - [TEST_STEP][PASSED] - if (type == "PARTISI"): 0

2022-07-06 11:17:14 - [TEST_STEP][PASSED] - outkrts = getAttribute(findTestObject("Page_SKT ERP  ERP/Tab Production/Work Order (SPK)/Work Order Value (partisi or layer)/Out Kertas Values (partisi or layer)"), "value"): Attribute 'value' of object 'Object Repository/Page_SKT ERP  ERP/Tab Production/Work Order (SPK)/Work Order Value (partisi or layer)/Out Kertas Values (partisi or layer)' is: '5'

2022-07-06 11:17:15 - [MESSAGE][PASSED] - Attribute 'value' of object 'Object Repository/Page_SKT ERP  ERP/Tab Production/Work Order (SPK)/Work Order Value (partisi or layer)/Out Kertas Values (partisi or layer)' is: '5'

2022-07-06 11:17:15 - [TEST_STEP][PASSED] - comment(outkrts): 5

2022-07-06 11:17:15 - [MESSAGE][INFO] - 5

2022-07-06 11:17:15 - [TEST_STEP][PASSED] - corr = getAttribute(findTestObject("Page_SKT ERP  ERP/Tab Production/Work Order (SPK)/Work Order Value (partisi or layer)/Corr Values (partisi or layer)"), "value"): Attribute 'value' of object 'Object Repository/Page_SKT ERP  ERP/Tab Production/Work Order (SPK)/Work Order Value (partisi or layer)/Corr Values (partisi or layer)' is: '20'

2022-07-06 11:17:15 - [MESSAGE][PASSED] - Attribute 'value' of object 'Object Repository/Page_SKT ERP  ERP/Tab Production/Work Order (SPK)/Work Order Value (partisi or layer)/Corr Values (partisi or layer)' is: '20'

2022-07-06 11:17:15 - [TEST_STEP][PASSED] - comment(corr): 20

2022-07-06 11:17:15 - [MESSAGE][INFO] - 20

2022-07-06 11:17:15 - [TEST_STEP][PASSED] - beratbox = getAttribute(findTestObject("Page_SKT ERP  ERP/Tab Production/Work Order (SPK)/Work Order Value (partisi or layer)/Berat at Box (gram) (partisi or layer)"), "value"): Attribute 'value' of object 'Object Repository/Page_SKT ERP  ERP/Tab Production/Work Order (SPK)/Work Order Value (partisi or layer)/Berat at Box (gram) (partisi or layer)' is: '53.5'

2022-07-06 11:17:15 - [MESSAGE][PASSED] - Attribute 'value' of object 'Object Repository/Page_SKT ERP  ERP/Tab Production/Work Order (SPK)/Work Order Value (partisi or layer)/Berat at Box (gram) (partisi or layer)' is: '53.5'

2022-07-06 11:17:15 - [TEST_STEP][PASSED] - comment(beratbox): 53.5

2022-07-06 11:17:15 - [MESSAGE][INFO] - 53.5

2022-07-06 11:17:15 - [TEST_STEP][PASSED] - beratorder = getAttribute(findTestObject("Page_SKT ERP  ERP/Tab Production/Work Order (SPK)/Work Order Value (partisi or layer)/Berat Order (Kg) (partisi or layer)"), "value"): Attribute 'value' of object 'Object Repository/Page_SKT ERP  ERP/Tab Production/Work Order (SPK)/Work Order Value (partisi or layer)/Berat Order (Kg) (partisi or layer)' is: '5.35'

2022-07-06 11:17:16 - [MESSAGE][PASSED] - Attribute 'value' of object 'Object Repository/Page_SKT ERP  ERP/Tab Production/Work Order (SPK)/Work Order Value (partisi or layer)/Berat Order (Kg) (partisi or layer)' is: '5.35'

2022-07-06 11:17:16 - [TEST_STEP][PASSED] - comment(beratorder): 5.35

2022-07-06 11:17:16 - [MESSAGE][INFO] - 5.35

2022-07-06 11:17:16 - [TEST_STEP][PASSED] - berattrim = getAttribute(findTestObject("Page_SKT ERP  ERP/Tab Production/Work Order (SPK)/Work Order Value (partisi or layer)/Berat Trim (Kg) (partisi or layer)"), "value"): Attribute 'value' of object 'Object Repository/Page_SKT ERP  ERP/Tab Production/Work Order (SPK)/Work Order Value (partisi or layer)/Berat Trim (Kg) (partisi or layer)' is: '0.39'

2022-07-06 11:17:16 - [MESSAGE][PASSED] - Attribute 'value' of object 'Object Repository/Page_SKT ERP  ERP/Tab Production/Work Order (SPK)/Work Order Value (partisi or layer)/Berat Trim (Kg) (partisi or layer)' is: '0.39'

2022-07-06 11:17:16 - [TEST_STEP][PASSED] - comment(berattrim): 0.39

2022-07-06 11:17:16 - [MESSAGE][INFO] - 0.39

2022-07-06 11:17:16 - [TEST_STEP][PASSED] - BeratSubstance1 = getAttribute(findTestObject("Page_SKT ERP  ERP/Tab Production/Work Order (SPK)/Work Order Value (partisi or layer)/Berat Substance 1 (partisi or layer)"), "value"): Attribute 'value' of object 'Object Repository/Page_SKT ERP  ERP/Tab Production/Work Order (SPK)/Work Order Value (partisi or layer)/Berat Substance 1 (partisi or layer)' is: '1.72'

2022-07-06 11:17:16 - [MESSAGE][PASSED] - Attribute 'value' of object 'Object Repository/Page_SKT ERP  ERP/Tab Production/Work Order (SPK)/Work Order Value (partisi or layer)/Berat Substance 1 (partisi or layer)' is: '1.72'

2022-07-06 11:17:16 - [TEST_STEP][PASSED] - comment(BeratSubstance1): 1.72

2022-07-06 11:17:16 - [MESSAGE][INFO] - 1.72

2022-07-06 11:17:16 - [TEST_STEP][PASSED] - BeratSubstance2 = getAttribute(findTestObject("Page_SKT ERP  ERP/Tab Production/Work Order (SPK)/Work Order Value (partisi or layer)/Berat Substance 2 (partisi or layer)"), "value"): Attribute 'value' of object 'Object Repository/Page_SKT ERP  ERP/Tab Production/Work Order (SPK)/Work Order Value (partisi or layer)/Berat Substance 2 (partisi or layer)' is: '2.29'

2022-07-06 11:17:17 - [MESSAGE][PASSED] - Attribute 'value' of object 'Object Repository/Page_SKT ERP  ERP/Tab Production/Work Order (SPK)/Work Order Value (partisi or layer)/Berat Substance 2 (partisi or layer)' is: '2.29'

2022-07-06 11:17:17 - [TEST_STEP][PASSED] - comment(BeratSubstance2): 2.29

2022-07-06 11:17:17 - [MESSAGE][INFO] - 2.29

2022-07-06 11:17:17 - [TEST_STEP][PASSED] - BeratSubstance3 = getAttribute(findTestObject("Page_SKT ERP  ERP/Tab Production/Work Order (SPK)/Work Order Value (partisi or layer)/Berat Substance 3 (partisi or layer)"), "value"): Attribute 'value' of object 'Object Repository/Page_SKT ERP  ERP/Tab Production/Work Order (SPK)/Work Order Value (partisi or layer)/Berat Substance 3 (partisi or layer)' is: '1.72'

2022-07-06 11:17:17 - [MESSAGE][PASSED] - Attribute 'value' of object 'Object Repository/Page_SKT ERP  ERP/Tab Production/Work Order (SPK)/Work Order Value (partisi or layer)/Berat Substance 3 (partisi or layer)' is: '1.72'

2022-07-06 11:17:17 - [TEST_STEP][PASSED] - comment(BeratSubstance3): 1.72

2022-07-06 11:17:17 - [MESSAGE][INFO] - 1.72

2022-07-06 11:17:17 - [TEST_STEP][PASSED] - BeratSubstance4 = getAttribute(findTestObject("Page_SKT ERP  ERP/Tab Production/Work Order (SPK)/Work Order Value (partisi or layer)/Berat Substance 4 (partisi or layer)"), "value"): Attribute 'value' of object 'Object Repository/Page_SKT ERP  ERP/Tab Production/Work Order (SPK)/Work Order Value (partisi or layer)/Berat Substance 4 (partisi or layer)' is: '0'

2022-07-06 11:17:18 - [MESSAGE][PASSED] - Attribute 'value' of object 'Object Repository/Page_SKT ERP  ERP/Tab Production/Work Order (SPK)/Work Order Value (partisi or layer)/Berat Substance 4 (partisi or layer)' is: '0'

2022-07-06 11:17:18 - [TEST_STEP][PASSED] - comment(BeratSubstance4): 0

2022-07-06 11:17:18 - [MESSAGE][INFO] - 0

2022-07-06 11:17:18 - [TEST_STEP][PASSED] - BeratSubstance5 = getAttribute(findTestObject("Page_SKT ERP  ERP/Tab Production/Work Order (SPK)/Work Order Value (partisi or layer)/Berat Substance 5 (partisi or layer)"), "value"): Attribute 'value' of object 'Object Repository/Page_SKT ERP  ERP/Tab Production/Work Order (SPK)/Work Order Value (partisi or layer)/Berat Substance 5 (partisi or layer)' is: '0'

2022-07-06 11:17:18 - [MESSAGE][PASSED] - Attribute 'value' of object 'Object Repository/Page_SKT ERP  ERP/Tab Production/Work Order (SPK)/Work Order Value (partisi or layer)/Berat Substance 5 (partisi or layer)' is: '0'

2022-07-06 11:17:18 - [TEST_STEP][PASSED] - comment(BeratSubstance5): 0

2022-07-06 11:17:18 - [MESSAGE][INFO] - 0

2022-07-06 11:17:18 - [TEST_STEP][PASSED] - click(findTestObject("Page_SKT ERP  ERP/Tab Production/Work Order (SPK)/button back (from view work order)")): Object: 'Object Repository/Page_SKT ERP  ERP/Tab Production/Work Order (SPK)/button back (from view work order)' is clicked on

2022-07-06 11:17:19 - [MESSAGE][PASSED] - Object: 'Object Repository/Page_SKT ERP  ERP/Tab Production/Work Order (SPK)/button back (from view work order)' is clicked on

2022-07-06 11:17:19 - [TEST_STEP][PASSED] - allValues.add(outkrts): null

2022-07-06 11:17:19 - [TEST_STEP][PASSED] - allValues.add(corr): null

2022-07-06 11:17:19 - [TEST_STEP][PASSED] - allValues.add(beratbox): null

2022-07-06 11:17:19 - [TEST_STEP][PASSED] - allValues.add(beratorder): null

2022-07-06 11:17:19 - [TEST_STEP][PASSED] - allValues.add(berattrim): null

2022-07-06 11:17:19 - [TEST_STEP][PASSED] - allValues.add(BeratSubstance1): null

2022-07-06 11:17:19 - [TEST_STEP][PASSED] - allValues.add(BeratSubstance2): null

2022-07-06 11:17:19 - [TEST_STEP][PASSED] - allValues.add(BeratSubstance3): null

2022-07-06 11:17:19 - [TEST_STEP][PASSED] - allValues.add(BeratSubstance4): null

2022-07-06 11:17:19 - [TEST_STEP][PASSED] - allValues.add(BeratSubstance5): null

2022-07-06 11:17:19 - [TEST_STEP][PASSED] - qty = newQty: null

2022-07-06 11:17:19 - [TEST_STEP][PASSED] - lebarKertasMinimum_box = 1500: null

2022-07-06 11:17:19 - [TEST_STEP][PASSED] - width_box = 366: null

2022-07-06 11:17:19 - [TEST_STEP][PASSED] - outkertas_box = 4: null

2022-07-06 11:17:19 - [TEST_STEP][PASSED] - expected_outkrts_box = outkertas_box: null

2022-07-06 11:17:19 - [TEST_STEP][PASSED] - actual_otkrts_box = allValues[0]: null

2022-07-06 11:17:19 - [TEST_STEP][PASSED] - verifyMatch(actual_otkrts_box, expected_outkrts_box, false): Actual text '4' and expected text '4' are matched 

2022-07-06 11:17:19 - [MESSAGE][PASSED] - Actual text '4' and expected text '4' are matched 

2022-07-06 11:17:19 - [TEST_STEP][PASSED] - constantDoubleJoint_box = 1: null

2022-07-06 11:17:19 - [TEST_STEP][PASSED] - out_box = outkertas_box: null

2022-07-06 11:17:19 - [TEST_STEP][PASSED] - outKnife_box = 1: null

2022-07-06 11:17:19 - [TEST_STEP][PASSED] - corrBox = constantDoubleJoint_box * Math.floor(newQty / out_box / outKnife_box): null

2022-07-06 11:17:19 - [TEST_STEP][PASSED] - expected_corr_box = corrBox: null

2022-07-06 11:17:19 - [TEST_STEP][PASSED] - actual_corr_box = allValues[1]: null

2022-07-06 11:17:19 - [TEST_STEP][PASSED] - verifyMatch(actual_corr_box, expected_corr_box, false): Actual text '25' and expected text '25' are matched 

2022-07-06 11:17:19 - [MESSAGE][PASSED] - Actual text '25' and expected text '25' are matched 

2022-07-06 11:17:19 - [TEST_STEP][PASSED] - weightSheetNettoGram_box = 133.08: null

2022-07-06 11:17:19 - [TEST_STEP][PASSED] - weight_box = constantDoubleJoint_box * weightSheetNettoGram_box * newQty / 1000: null

2022-07-06 11:17:19 - [TEST_STEP][PASSED] - beratBoxBox = Math.ceil(weight_box / qty * 1000 * 100) / 100: null

2022-07-06 11:17:19 - [TEST_STEP][PASSED] - expected_beratbox_box = beratBoxBox: null

2022-07-06 11:17:19 - [TEST_STEP][PASSED] - actual_beratbox_box = allValues[2]: null

2022-07-06 11:17:19 - [TEST_STEP][PASSED] - verifyMatch(actual_beratbox_box, expected_beratbox_box, false): Actual text '133.09' and expected text '133.09' are matched 

2022-07-06 11:17:19 - [MESSAGE][PASSED] - Actual text '133.09' and expected text '133.09' are matched 

2022-07-06 11:17:19 - [TEST_STEP][PASSED] - beratOrderBox = Math.ceil(weight_box * 100) / 100: null

2022-07-06 11:17:19 - [TEST_STEP][PASSED] - expected_beratorder_box = beratOrderBox: null

2022-07-06 11:17:19 - [TEST_STEP][PASSED] - actual_beratorder_box = allValues[3]: null

2022-07-06 11:17:19 - [TEST_STEP][PASSED] - verifyMatch(actual_beratorder_box, expected_beratorder_box, false): Actual text '13.31' and expected text '13.31' are matched 

2022-07-06 11:17:19 - [MESSAGE][PASSED] - Actual text '13.31' and expected text '13.31' are matched 

2022-07-06 11:17:19 - [TEST_STEP][PASSED] - trimWasteGram_box = 13.09: null

2022-07-06 11:17:19 - [TEST_STEP][PASSED] - beratTrimBox = qty / out_box * trimWasteGram_box / 1000: null

2022-07-06 11:17:19 - [TEST_STEP][PASSED] - expected_berattrim_box = beratTrimBox: null

2022-07-06 11:17:19 - [TEST_STEP][PASSED] - actual_berattrim_box = allValues[4]: null

2022-07-06 11:17:19 - [TEST_STEP][PASSED] - verifyMatch(actual_berattrim_box, expected_berattrim_box, false): Actual text '0.32725' and expected text '0.32725' are matched 

2022-07-06 11:17:19 - [MESSAGE][PASSED] - Actual text '0.32725' and expected text '0.32725' are matched 

2022-07-06 11:17:19 - [TEST_STEP][PASSED] - qValuebox1 = 150: null

2022-07-06 11:17:19 - [TEST_STEP][PASSED] - sheetLengthBox1 = 824: null

2022-07-06 11:17:19 - [TEST_STEP][PASSED] - minLebarMmSheetBox1 = 1500: null

2022-07-06 11:17:19 - [TEST_STEP][PASSED] - identifierBox1 = 1: null

2022-07-06 11:17:19 - [TEST_STEP][PASSED] - beratSubstanceBox1 = qValuebox1 / 1000 * sheetLengthBox1 / 1000 * minLebarMmSheetBox1 / 1000 * identifierBox1 * corrBox: null

2022-07-06 11:17:19 - [TEST_STEP][PASSED] - expected_beratsubstance1_box = beratSubstanceBox1.round(2): null

2022-07-06 11:17:19 - [TEST_STEP][PASSED] - actual_beratsubstance1_box = allValues[5]: null

2022-07-06 11:17:19 - [TEST_STEP][FAILED] - verifyMatch(actual_beratsubstance1_box, expected_beratsubstance1_box, false): Unable to verify match between actual text '4.63' and expected text '4.64' (Root cause: com.kms.katalon.core.exception.StepFailedException: Actual text '4.63' and expected text '4.64' are not matched
	at com.kms.katalon.core.keyword.builtin.VerifyMatchKeyword$_verifyMatch_closure1.doCall(VerifyMatchKeyword.groovy:57)
	at com.kms.katalon.core.keyword.builtin.VerifyMatchKeyword$_verifyMatch_closure1.call(VerifyMatchKeyword.groovy)
	at com.kms.katalon.core.keyword.internal.KeywordMain.runKeyword(KeywordMain.groovy:74)
	at com.kms.katalon.core.keyword.builtin.VerifyMatchKeyword.verifyMatch(VerifyMatchKeyword.groovy:60)
	at com.kms.katalon.core.keyword.builtin.VerifyMatchKeyword.execute(VerifyMatchKeyword.groovy:45)
	at com.kms.katalon.core.keyword.internal.KeywordExecutor.executeKeywordForPlatform(KeywordExecutor.groovy:74)
	at com.kms.katalon.core.keyword.BuiltinKeywords.verifyMatch(BuiltinKeywords.groovy:73)
	at 2 - 2A_ Verify Calculated Values in Work Order (box partisi1 partisi2).run(2 - 2A_ Verify Calculated Values in Work Order (box partisi1 partisi2):322)
	at com.kms.katalon.core.main.ScriptEngine.run(ScriptEngine.java:194)
	at com.kms.katalon.core.main.ScriptEngine.runScriptAsRawText(ScriptEngine.java:119)
	at com.kms.katalon.core.main.TestCaseExecutor.runScript(TestCaseExecutor.java:445)
	at com.kms.katalon.core.main.TestCaseExecutor.doExecute(TestCaseExecutor.java:436)
	at com.kms.katalon.core.main.TestCaseExecutor.processExecutionPhase(TestCaseExecutor.java:415)
	at com.kms.katalon.core.main.TestCaseExecutor.accessMainPhase(TestCaseExecutor.java:407)
	at com.kms.katalon.core.main.TestCaseExecutor.execute(TestCaseExecutor.java:284)
	at com.kms.katalon.core.common.CommonExecutor.accessTestCaseMainPhase(CommonExecutor.java:65)
	at com.kms.katalon.core.main.TestSuiteExecutor.accessTestSuiteMainPhase(TestSuiteExecutor.java:144)
	at com.kms.katalon.core.main.TestSuiteExecutor.execute(TestSuiteExecutor.java:106)
[...]

2022-07-06 11:22:13 - [TEST_STEP][PASSED] - setText(findTestObject("Page_SKT ERP  ERP/Tab Freight/Tab Surat Jalan Delivery Order/Filters by No SPK Set"), noSPKSet): Text '22013628' is set on object 'Object Repository/Page_SKT ERP  ERP/Tab Freight/Tab Surat Jalan Delivery Order/Filters by No SPK Set'

2022-07-06 11:22:14 - [MESSAGE][PASSED] - Text '22013628' is set on object 'Object Repository/Page_SKT ERP  ERP/Tab Freight/Tab Surat Jalan Delivery Order/Filters by No SPK Set'

2022-07-06 11:22:14 - [TEST_STEP][PASSED] - click(findTestObject("Page_SKT ERP  ERP/Tab Freight/Tab Surat Jalan Delivery Order/Search (Filters)")): Object: 'Object Repository/Page_SKT ERP  ERP/Tab Freight/Tab Surat Jalan Delivery Order/Search (Filters)' is clicked on

2022-07-06 11:22:15 - [MESSAGE][PASSED] - Object: 'Object Repository/Page_SKT ERP  ERP/Tab Freight/Tab Surat Jalan Delivery Order/Search (Filters)' is clicked on

2022-07-06 11:22:15 - [TEST_STEP][PASSED] - noSJR = getText(findTestObject("Page_SKT ERP  ERP/Tab Freight/Tab Surat Jalan Delivery Order/No SJ")): Text of object 'Object Repository/Page_SKT ERP  ERP/Tab Freight/Tab Surat Jalan Delivery Order/No SJ' is: '2207.0008.SJR'

2022-07-06 11:22:16 - [MESSAGE][PASSED] - Text of object 'Object Repository/Page_SKT ERP  ERP/Tab Freight/Tab Surat Jalan Delivery Order/No SJ' is: '2207.0008.SJR'

2022-07-06 11:22:16 - [TEST_STEP][PASSED] - comment(noSJR): 2207.0008.SJR

2022-07-06 11:22:16 - [MESSAGE][INFO] - 2207.0008.SJR

2022-07-06 11:22:16 - [TEST_STEP][PASSED] - click(findTestObject("Page_SKT ERP  ERP/Tab Sales/Tab Sales")): Object: 'Object Repository/Page_SKT ERP  ERP/Tab Sales/Tab Sales' is clicked on

2022-07-06 11:22:16 - [MESSAGE][PASSED] - Object: 'Object Repository/Page_SKT ERP  ERP/Tab Sales/Tab Sales' is clicked on

2022-07-06 11:22:16 - [TEST_STEP][PASSED] - scrollToElement(findTestObject("Page_SKT ERP  ERP/Tab Sales/Tab Nota Penjualan/Tab Nota Penjualan"), 30): Scroll to object 'Object Repository/Page_SKT ERP  ERP/Tab Sales/Tab Nota Penjualan/Tab Nota Penjualan' successfully

2022-07-06 11:22:17 - [MESSAGE][PASSED] - Scroll to object 'Object Repository/Page_SKT ERP  ERP/Tab Sales/Tab Nota Penjualan/Tab Nota Penjualan' successfully

2022-07-06 11:22:17 - [TEST_STEP][PASSED] - click(findTestObject("Page_SKT ERP  ERP/Tab Sales/Tab Nota Retur Penjualan/Tab Retur")): Object: 'Object Repository/Page_SKT ERP  ERP/Tab Sales/Tab Nota Retur Penjualan/Tab Retur' is clicked on

2022-07-06 11:22:17 - [MESSAGE][PASSED] - Object: 'Object Repository/Page_SKT ERP  ERP/Tab Sales/Tab Nota Retur Penjualan/Tab Retur' is clicked on

2022-07-06 11:22:17 - [TEST_STEP][PASSED] - click(findTestObject("Page_SKT ERP  ERP/Tab Sales/Tab Nota Retur Penjualan/Tab Nota Retur Penjualan")): Object: 'Object Repository/Page_SKT ERP  ERP/Tab Sales/Tab Nota Retur Penjualan/Tab Nota Retur Penjualan' is clicked on

2022-07-06 11:22:18 - [MESSAGE][PASSED] - Object: 'Object Repository/Page_SKT ERP  ERP/Tab Sales/Tab Nota Retur Penjualan/Tab Nota Retur Penjualan' is clicked on

2022-07-06 11:22:18 - [TEST_STEP][PASSED] - verifyTextPresent(noSJR, false): Text '2207.0008.SJR' is present on page 

2022-07-06 11:22:20 - [MESSAGE][PASSED] - Text '2207.0008.SJR' is present on page 

2022-07-06 11:22:20 - [TEST_STEP][PASSED] - click(findTestObject("Page_SKT ERP  ERP/Tab Warehouse/Tab Warehouse")): Object: 'Object Repository/Page_SKT ERP  ERP/Tab Warehouse/Tab Warehouse' is clicked on

2022-07-06 11:22:20 - [MESSAGE][PASSED] - Object: 'Object Repository/Page_SKT ERP  ERP/Tab Warehouse/Tab Warehouse' is clicked on

2022-07-06 11:22:20 - [TEST_STEP][PASSED] - click(findTestObject("Page_SKT ERP  ERP/Tab Warehouse/Tab Stock Balance/Tab Stock Balance")): Object: 'Object Repository/Page_SKT ERP  ERP/Tab Warehouse/Tab Stock Balance/Tab Stock Balance' is clicked on

2022-07-06 11:22:21 - [MESSAGE][PASSED] - Object: 'Object Repository/Page_SKT ERP  ERP/Tab Warehouse/Tab Stock Balance/Tab Stock Balance' is clicked on

2022-07-06 11:22:21 - [TEST_STEP][PASSED] - click(findTestObject("Page_SKT ERP  ERP/Tab Warehouse/Tab Stock Balance/Tab Finished Good")): Object: 'Object Repository/Page_SKT ERP  ERP/Tab Warehouse/Tab Stock Balance/Tab Finished Good' is clicked on

2022-07-06 11:22:22 - [MESSAGE][PASSED] - Object: 'Object Repository/Page_SKT ERP  ERP/Tab Warehouse/Tab Stock Balance/Tab Finished Good' is clicked on

2022-07-06 11:22:22 - [TEST_STEP][PASSED] - click(findTestObject("Page_SKT ERP  ERP/Tab Warehouse/Tab Stock Balance/Filters")): Object: 'Object Repository/Page_SKT ERP  ERP/Tab Warehouse/Tab Stock Balance/Filters' is clicked on

2022-07-06 11:22:23 - [MESSAGE][PASSED] - Object: 'Object Repository/Page_SKT ERP  ERP/Tab Warehouse/Tab Stock Balance/Filters' is clicked on

2022-07-06 11:22:23 - [TEST_STEP][PASSED] - click(findTestObject("Page_SKT ERP  ERP/Tab Warehouse/Tab Stock Balance/Filters by SKU")): Object: 'Object Repository/Page_SKT ERP  ERP/Tab Warehouse/Tab Stock Balance/Filters by SKU' is clicked on

2022-07-06 11:22:24 - [MESSAGE][PASSED] - Object: 'Object Repository/Page_SKT ERP  ERP/Tab Warehouse/Tab Stock Balance/Filters by SKU' is clicked on

2022-07-06 11:22:24 - [TEST_STEP][PASSED] - setText(findTestObject("Page_SKT ERP  ERP/Tab Warehouse/Tab Stock Balance/Filters by SKU"), noSPKSet): Text '22013628' is set on object 'Object Repository/Page_SKT ERP  ERP/Tab Warehouse/Tab Stock Balance/Filters by SKU'

2022-07-06 11:22:25 - [MESSAGE][PASSED] - Text '22013628' is set on object 'Object Repository/Page_SKT ERP  ERP/Tab Warehouse/Tab Stock Balance/Filters by SKU'

2022-07-06 11:22:25 - [TEST_STEP][PASSED] - click(findTestObject("Page_SKT ERP  ERP/Tab Warehouse/Tab Stock Balance/Filters By Lot")): Object: 'Object Repository/Page_SKT ERP  ERP/Tab Warehouse/Tab Stock Balance/Filters By Lot' is clicked on

2022-07-06 11:22:25 - [MESSAGE][PASSED] - Object: 'Object Repository/Page_SKT ERP  ERP/Tab Warehouse/Tab Stock Balance/Filters By Lot' is clicked on

2022-07-06 11:22:25 - [TEST_STEP][PASSED] - click(findTestObject("Page_SKT ERP  ERP/Tab Warehouse/Tab Stock Balance/Filters by Lot (Retur Barang Jadi)")): Object: 'Object Repository/Page_SKT ERP  ERP/Tab Warehouse/Tab Stock Balance/Filters by Lot (Retur Barang Jadi)' is clicked on

2022-07-06 11:22:26 - [MESSAGE][PASSED] - Object: 'Object Repository/Page_SKT ERP  ERP/Tab Warehouse/Tab Stock Balance/Filters by Lot (Retur Barang Jadi)' is clicked on

2022-07-06 11:22:26 - [TEST_STEP][PASSED] - click(findTestObject("Page_SKT ERP  ERP/Tab Warehouse/Tab Stock Balance/button_Search")): Object: 'Object Repository/Page_SKT ERP  ERP/Tab Warehouse/Tab Stock Balance/button_Search' is clicked on

2022-07-06 11:22:26 - [MESSAGE][PASSED] - Object: 'Object Repository/Page_SKT ERP  ERP/Tab Warehouse/Tab Stock Balance/button_Search' is clicked on

2022-07-06 11:22:26 - [TEST_STEP][PASSED] - scrollToElement(findTestObject("Page_SKT ERP  ERP/Tab Warehouse/Tab Stock Balance/button_Search"), 30): Scroll to object 'Object Repository/Page_SKT ERP  ERP/Tab Warehouse/Tab Stock Balance/button_Search' successfully

2022-07-06 11:22:27 - [MESSAGE][PASSED] - Scroll to object 'Object Repository/Page_SKT ERP  ERP/Tab Warehouse/Tab Stock Balance/button_Search' successfully

2022-07-06 11:22:27 - [TEST_STEP][PASSED] - Expected_BalanceBox = expected_BalanceBox: null

2022-07-06 11:22:27 - [TEST_STEP][PASSED] - Expected_BalancePartisi1 = expected_BalancePartisi1: null

2022-07-06 11:22:27 - [TEST_STEP][PASSED] - Expected_BalancePartisi2 = expected_BalancePartisi2: null

2022-07-06 11:22:27 - [TEST_STEP][PASSED] - Actual_BalanceBox = getText(findTestObject("Page_SKT ERP  ERP/Tab Warehouse/Tab Stock Balance/Stock Balance Pair 0")): Text of object 'Object Repository/Page_SKT ERP  ERP/Tab Warehouse/Tab Stock Balance/Stock Balance Pair 0' is: '51'

2022-07-06 11:22:27 - [MESSAGE][PASSED] - Text of object 'Object Repository/Page_SKT ERP  ERP/Tab Warehouse/Tab Stock Balance/Stock Balance Pair 0' is: '51'

2022-07-06 11:22:27 - [TEST_STEP][PASSED] - comment(Actual_BalanceBox): 51

2022-07-06 11:22:27 - [MESSAGE][INFO] - 51

2022-07-06 11:22:27 - [TEST_STEP][PASSED] - verifyMatch(Actual_BalanceBox, Expected_BalanceBox, false): Actual text '51' and expected text '51' are matched 

2022-07-06 11:22:27 - [MESSAGE][PASSED] - Actual text '51' and expected text '51' are matched 

2022-07-06 11:22:27 - [TEST_STEP][PASSED] - Actual_BalancePartisi1 = getText(findTestObject("Page_SKT ERP  ERP/Tab Warehouse/Tab Stock Balance/Stock Balance Pair 1")): Text of object 'Object Repository/Page_SKT ERP  ERP/Tab Warehouse/Tab Stock Balance/Stock Balance Pair 1' is: '102'

2022-07-06 11:22:28 - [MESSAGE][PASSED] - Text of object 'Object Repository/Page_SKT ERP  ERP/Tab Warehouse/Tab Stock Balance/Stock Balance Pair 1' is: '102'

2022-07-06 11:22:28 - [TEST_STEP][PASSED] - comment(Actual_BalancePartisi1): 102

2022-07-06 11:22:28 - [MESSAGE][INFO] - 102

2022-07-06 11:22:28 - [TEST_STEP][PASSED] - verifyMatch(Actual_BalancePartisi1, Expected_BalancePartisi1, false): Actual text '102' and expected text '102' are matched 

2022-07-06 11:22:28 - [MESSAGE][PASSED] - Actual text '102' and expected text '102' are matched 

2022-07-06 11:22:28 - [TEST_STEP][PASSED] - Actual_BalancePartisi2 = getText(findTestObject("Page_SKT ERP  ERP/Tab Warehouse/Tab Stock Balance/Stock Balance Pair 2")): Text of object 'Object Repository/Page_SKT ERP  ERP/Tab Warehouse/Tab Stock Balance/Stock Balance Pair 2' is: '153'

2022-07-06 11:22:28 - [MESSAGE][PASSED] - Text of object 'Object Repository/Page_SKT ERP  ERP/Tab Warehouse/Tab Stock Balance/Stock Balance Pair 2' is: '153'

2022-07-06 11:22:28 - [TEST_STEP][PASSED] - comment(Actual_BalancePartisi2): 153

2022-07-06 11:22:28 - [MESSAGE][INFO] - 153

2022-07-06 11:22:28 - [TEST_STEP][PASSED] - verifyMatch(Actual_BalancePartisi2, Expected_BalancePartisi2, false): Actual text '153' and expected text '153' are matched 

2022-07-06 11:22:28 - [MESSAGE][PASSED] - Actual text '153' and expected text '153' are matched 

2022-07-06 11:22:28 - [TEST_STEP][PASSED] - closeBrowser(): Browser is closed

2022-07-06 11:22:29 - [MESSAGE][PASSED] - Browser is closed]]></system-out>
         <system-err><![CDATA[]]></system-err>
      </testcase>
      <system-out><![CDATA[2022-07-06 11:14:16 - [TEST_SUITE][FAILED] - Demo Juli 2022: Test Cases/SKT ERP/Production/2 - 2A_ Verify Calculated Values in Work Order (box partisi1 partisi2) FAILED.
Reason:
com.kms.katalon.core.exception.StepFailedException: Unable to verify match between actual text '4.63' and expected text '4.64' (Root cause: com.kms.katalon.core.exception.StepFailedException: Actual text '4.63' and expected text '4.64' are not matched
	at com.kms.katalon.core.keyword.builtin.VerifyMatchKeyword$_verifyMatch_closure1.doCall(VerifyMatchKeyword.groovy:57)
	at com.kms.katalon.core.keyword.builtin.VerifyMatchKeyword$_verifyMatch_closure1.call(VerifyMatchKeyword.groovy)
	at com.kms.katalon.core.keyword.internal.KeywordMain.runKeyword(KeywordMain.groovy:74)
	at com.kms.katalon.core.keyword.builtin.VerifyMatchKeyword.verifyMatch(VerifyMatchKeyword.groovy:60)
	at com.kms.katalon.core.keyword.builtin.VerifyMatchKeyword.execute(VerifyMatchKeyword.groovy:45)
	at com.kms.katalon.core.keyword.internal.KeywordExecutor.executeKeywordForPlatform(KeywordExecutor.groovy:74)
	at com.kms.katalon.core.keyword.BuiltinKeywords.verifyMatch(BuiltinKeywords.groovy:73)
	at 2 - 2A_ Verify Calculated Values in Work Order (box partisi1 partisi2).run(2 - 2A_ Verify Calculated Values in Work Order (box partisi1 partisi2):322)
	at com.kms.katalon.core.main.ScriptEngine.run(ScriptEngine.java:194)
	at com.kms.katalon.core.main.ScriptEngine.runScriptAsRawText(ScriptEngine.java:119)
	at com.kms.katalon.core.main.TestCaseExecutor.runScript(TestCaseExecutor.java:445)
	at com.kms.katalon.core.main.TestCaseExecutor.doExecute(TestCaseExecutor.java:436)
	at com.kms.katalon.core.main.TestCaseExecutor.processExecutionPhase(TestCaseExecutor.java:415)
	at com.kms.katalon.core.main.TestCaseExecutor.accessMainPhase(TestCaseExecutor.java:407)
	at com.kms.katalon.core.main.TestCaseExecutor.execute(TestCaseExecutor.java:284)
	at com.kms.katalon.core.common.CommonExecutor.accessTestCaseMainPhase(CommonExecutor.java:65)
	at com.kms.katalon.core.main.TestSuiteExecutor.accessTestSuiteMainPhase(TestSuiteExecutor.java:144)
	at com.kms.katalon.core.main.TestSuiteExecutor.execute(TestSuiteExecutor.java:106)
	at com.kms.katalon.core.main.TestCaseMain.startTestSuite(TestCaseMain.java:185)
	at com.kms.katalon.core.main.TestCaseMain$startTestSuite$0.call(Unknown Source)
	at TempTestSuite1657080848602.run(TempTestSuite1657080848602.groovy:36)
)
	at com.kms.katalon.core.keyword.internal.KeywordMain.stepFailed(KeywordMain.groovy:39)
	at com.kms.katalon.core.keyword.internal.KeywordMain.stepFailed(KeywordMain.groovy)
	at com.kms.katalon.core.keyword.internal.KeywordMain.runKeyword(KeywordMain.groovy:76)
	at com.kms.katalon.core.keyword.builtin.VerifyMatchKeyword.verifyMatch(VerifyMatchKeyword.groovy:60)
	at com.kms.katalon.core.keyword.builtin.VerifyMatchKeyword.execute(VerifyMatchKeyword.groovy:45)
	at com.kms.katalon.core.keyword.internal.KeywordExecutor.executeKeywordForPlatform(KeywordExecutor.groovy:74)
	at com.kms.katalon.core.keyword.BuiltinKeywords.verifyMatch(BuiltinKeywords.groovy:73)
	at 2 - 2A_ Verify Calculated Values in Work Order (box partisi1 partisi2).run(2 - 2A_ Verify Calculated Values in Work Order (box partisi1 partisi2):322)
	at com.kms.katalon.core.main.ScriptEngine.run(ScriptEngine.java:194)
	at com.kms.katalon.core.main.ScriptEngine.runScriptAsRawText(ScriptEngine.java:119)
	at com.kms.katalon.core.main.TestCaseExecutor.runScript(TestCaseExecutor.java:445)
	at com.kms.katalon.core.main.TestCaseExecutor.doExecute(TestCaseExecutor.java:436)
	at com.kms.katalon.core.main.TestCaseExecutor.processExecutionPhase(TestCaseExecutor.java:415)
	at com.kms.katalon.core.main.TestCaseExecutor.accessMainPhase(TestCaseExecutor.java:407)
	at com.kms.katalon.core.main.TestCaseExecutor.execute(TestCaseExecutor.java:284)
	at com.kms.katalon.core.common.CommonExecutor.accessTestCaseMainPhase(CommonExecutor.java:65)
	at com.kms.katalon.core.main.TestSuiteExecutor.accessTestSuiteMainPhase(TestSuiteExecutor.java:144)
	at com.kms.katalon.core.main.TestSuiteExecutor.execute(TestSuiteExecutor.java:106)
	at com.kms.katalon.core.main.TestCaseMain.startTestSuite(TestCaseMain.java:185)
	at com.kms.katalon.core.main.TestCaseMain$startTestSuite$0.call(Unknown Source)
	at TempTestSuite1657080848602.run(TempTestSuite1657080848602.groovy:36)
Caused by: com.kms.katalon.core.exception.StepFailedException: Actual text '4.63' and expected text '4.64' are not matched
	at com.kms.katalon.core.keyword.builtin.VerifyMatchKeyword$_verifyMatch_closure1.doCall(VerifyMatchKeyword.groovy:57)
	at com.kms.katalon.core.keyword.builtin.VerifyMatchKeyword$_verifyMatch_closure1.call(VerifyMatchKeyword.groovy)
	at com.kms.katalon.core.keyword.internal.KeywordMain.runKeyword(KeywordMain.groovy:74)
	... 18 more]]></system-out>
      <system-err><![CDATA[2022-07-06 11:14:16 - [TEST_SUITE][FAILED] - Demo Juli 2022: Test Cases/SKT ERP/Production/2 - 2A_ Verify Calculated Values in Work Order (box partisi1 partisi2) FAILED.
Reason:
com.kms.katalon.core.exception.StepFailedException: Unable to verify match between actual text '4.63' and expected text '4.64' (Root cause: com.kms.katalon.core.exception.StepFailedException: Actual text '4.63' and expected text '4.64' are not matched
	at com.kms.katalon.core.keyword.builtin.VerifyMatchKeyword$_verifyMatch_closure1.doCall(VerifyMatchKeyword.groovy:57)
	at com.kms.katalon.core.keyword.builtin.VerifyMatchKeyword$_verifyMatch_closure1.call(VerifyMatchKeyword.groovy)
	at com.kms.katalon.core.keyword.internal.KeywordMain.runKeyword(KeywordMain.groovy:74)
	at com.kms.katalon.core.keyword.builtin.VerifyMatchKeyword.verifyMatch(VerifyMatchKeyword.groovy:60)
	at com.kms.katalon.core.keyword.builtin.VerifyMatchKeyword.execute(VerifyMatchKeyword.groovy:45)
	at com.kms.katalon.core.keyword.internal.KeywordExecutor.executeKeywordForPlatform(KeywordExecutor.groovy:74)
	at com.kms.katalon.core.keyword.BuiltinKeywords.verifyMatch(BuiltinKeywords.groovy:73)
	at 2 - 2A_ Verify Calculated Values in Work Order (box partisi1 partisi2).run(2 - 2A_ Verify Calculated Values in Work Order (box partisi1 partisi2):322)
	at com.kms.katalon.core.main.ScriptEngine.run(ScriptEngine.java:194)
	at com.kms.katalon.core.main.ScriptEngine.runScriptAsRawText(ScriptEngine.java:119)
	at com.kms.katalon.core.main.TestCaseExecutor.runScript(TestCaseExecutor.java:445)
	at com.kms.katalon.core.main.TestCaseExecutor.doExecute(TestCaseExecutor.java:436)
	at com.kms.katalon.core.main.TestCaseExecutor.processExecutionPhase(TestCaseExecutor.java:415)
	at com.kms.katalon.core.main.TestCaseExecutor.accessMainPhase(TestCaseExecutor.java:407)
	at com.kms.katalon.core.main.TestCaseExecutor.execute(TestCaseExecutor.java:284)
	at com.kms.katalon.core.common.CommonExecutor.accessTestCaseMainPhase(CommonExecutor.java:65)
	at com.kms.katalon.core.main.TestSuiteExecutor.accessTestSuiteMainPhase(TestSuiteExecutor.java:144)
	at com.kms.katalon.core.main.TestSuiteExecutor.execute(TestSuiteExecutor.java:106)
	at com.kms.katalon.core.main.TestCaseMain.startTestSuite(TestCaseMain.java:185)
	at com.kms.katalon.core.main.TestCaseMain$startTestSuite$0.call(Unknown Source)
	at TempTestSuite1657080848602.run(TempTestSuite1657080848602.groovy:36)
)
	at com.kms.katalon.core.keyword.internal.KeywordMain.stepFailed(KeywordMain.groovy:39)
	at com.kms.katalon.core.keyword.internal.KeywordMain.stepFailed(KeywordMain.groovy)
	at com.kms.katalon.core.keyword.internal.KeywordMain.runKeyword(KeywordMain.groovy:76)
	at com.kms.katalon.core.keyword.builtin.VerifyMatchKeyword.verifyMatch(VerifyMatchKeyword.groovy:60)
	at com.kms.katalon.core.keyword.builtin.VerifyMatchKeyword.execute(VerifyMatchKeyword.groovy:45)
	at com.kms.katalon.core.keyword.internal.KeywordExecutor.executeKeywordForPlatform(KeywordExecutor.groovy:74)
	at com.kms.katalon.core.keyword.BuiltinKeywords.verifyMatch(BuiltinKeywords.groovy:73)
	at 2 - 2A_ Verify Calculated Values in Work Order (box partisi1 partisi2).run(2 - 2A_ Verify Calculated Values in Work Order (box partisi1 partisi2):322)
	at com.kms.katalon.core.main.ScriptEngine.run(ScriptEngine.java:194)
	at com.kms.katalon.core.main.ScriptEngine.runScriptAsRawText(ScriptEngine.java:119)
	at com.kms.katalon.core.main.TestCaseExecutor.runScript(TestCaseExecutor.java:445)
	at com.kms.katalon.core.main.TestCaseExecutor.doExecute(TestCaseExecutor.java:436)
	at com.kms.katalon.core.main.TestCaseExecutor.processExecutionPhase(TestCaseExecutor.java:415)
	at com.kms.katalon.core.main.TestCaseExecutor.accessMainPhase(TestCaseExecutor.java:407)
	at com.kms.katalon.core.main.TestCaseExecutor.execute(TestCaseExecutor.java:284)
	at com.kms.katalon.core.common.CommonExecutor.accessTestCaseMainPhase(CommonExecutor.java:65)
	at com.kms.katalon.core.main.TestSuiteExecutor.accessTestSuiteMainPhase(TestSuiteExecutor.java:144)
	at com.kms.katalon.core.main.TestSuiteExecutor.execute(TestSuiteExecutor.java:106)
	at com.kms.katalon.core.main.TestCaseMain.startTestSuite(TestCaseMain.java:185)
	at com.kms.katalon.core.main.TestCaseMain$startTestSuite$0.call(Unknown Source)
	at TempTestSuite1657080848602.run(TempTestSuite1657080848602.groovy:36)
Caused by: com.kms.katalon.core.exception.StepFailedException: Actual text '4.63' and expected text '4.64' are not matched
	at com.kms.katalon.core.keyword.builtin.VerifyMatchKeyword$_verifyMatch_closure1.doCall(VerifyMatchKeyword.groovy:57)
	at com.kms.katalon.core.keyword.builtin.VerifyMatchKeyword$_verifyMatch_closure1.call(VerifyMatchKeyword.groovy)
	at com.kms.katalon.core.keyword.internal.KeywordMain.runKeyword(KeywordMain.groovy:74)
	... 18 more]]></system-err>
   </testsuite>
</testsuites>
